*** Cannot find timeout command; proceeding without timeouts.
*** Starting wc test.
unexpected EOF
unexpected EOF
unexpected EOF
cmp: EOF on mr-wc-all
--- wc output is not the same as mr-correct-wc.txt
--- wc test: FAIL
*** Starting indexer test.
unexpected EOF
unexpected EOF
cmp: EOF on mr-indexer-all
--- indexer output is not the same as mr-correct-indexer.txt
--- indexer test: FAIL
*** Starting map parallelism test.
unexpected EOF
unexpected EOF
--- saw 0 workers rather than 2
--- map parallelism test: FAIL
--- map workers did not run in parallel
--- map parallelism test: FAIL
*** Starting reduce parallelism test.
unexpected EOF
unexpected EOF
--- too few parallel reduces.
--- reduce parallelism test: FAIL
*** Starting job count test.
unexpected EOF
unexpected EOF
dialing:dial unix /var/tmp/5840-mr-501: connect: connection refused
dialing:dial unix /var/tmp/5840-mr-501: connect: connection refused
test-mr.sh: line 214: [: : integer expression expected
--- map jobs ran incorrect number of times ( != 8)
--- job count test: FAIL
*** Starting early exit test.
unexpected EOF
unexpected EOF
unexpected EOF
--- early exit test: PASS
*** Starting crash test.
