*** Cannot find timeout command; proceeding without timeouts.
*** Starting wc test.
unexpected EOF
unexpected EOF
--- wc test: PASS
rm: mr-tmp: is a directory
*** Starting indexer test.
unexpected EOF
--- indexer test: PASS
*** Starting map parallelism test.
rm: mr-tmp: is a directory
--- map parallelism test: PASS
unexpected EOF
*** Starting reduce parallelism test.
rm: mr-tmp: is a directory
unexpected EOF
--- reduce parallelism test: PASS
*** Starting job count test.
rm: mr-tmp: is a directory
unexpected EOF
unexpected EOF
unexpected EOF
--- job count test: PASS
rm: mr-tmp: is a directory
*** Starting early exit test.
unexpected EOF
unexpected EOF
--- early exit test: PASS
rm: mr-tmp: is a directory
*** Starting crash test.
2023/07/04 03:14:25 dialing:dial unix /var/tmp/5840-mr-501: connect: no such file or directory
2023/07/04 03:14:25 dialing:dial unix /var/tmp/5840-mr-501: connect: no such file or directory
2023/07/04 03:14:26 cannot load plugin ../../mrapps/crash.so
2023/07/04 03:14:26 cannot load plugin ../../mrapps/crash.so
2023/07/04 03:14:27 cannot load plugin ../../mrapps/crash.so
2023/07/04 03:14:27 cannot load plugin ../../mrapps/crash.so
2023/07/04 03:14:28 cannot load plugin ../../mrapps/crash.so
2023/07/04 03:14:28 cannot load plugin ../../mrapps/crash.so
2023/07/04 03:14:29 cannot load plugin ../../mrapps/crash.so
2023/07/04 03:14:29 cannot load plugin ../../mrapps/crash.so
2023/07/04 03:14:30 cannot load plugin ../../mrapps/crash.so
2023/07/04 03:14:30 cannot load plugin ../../mrapps/crash.so
2023/07/04 03:14:31 cannot load plugin ../../mrapps/crash.so
2023/07/04 03:14:31 cannot load plugin ../../mrapps/crash.so
2023/07/04 03:14:32 cannot load plugin ../../mrapps/crash.so
2023/07/04 03:14:32 cannot load plugin ../../mrapps/crash.so
2023/07/04 03:14:33 cannot load plugin ../../mrapps/crash.so
2023/07/04 03:14:33 cannot load plugin ../../mrapps/crash.so
2023/07/04 03:14:34 cannot load plugin ../../mrapps/crash.so
2023/07/04 03:14:34 cannot load plugin ../../mrapps/crash.so
2023/07/04 03:14:35 cannot load plugin ../../mrapps/crash.so
2023/07/04 03:14:35 cannot load plugin ../../mrapps/crash.so
2023/07/04 03:14:36 cannot load plugin ../../mrapps/crash.so
2023/07/04 03:14:36 cannot load plugin ../../mrapps/crash.so
2023/07/04 03:14:37 cannot load plugin ../../mrapps/crash.so
2023/07/04 03:14:37 cannot load plugin ../../mrapps/crash.so
2023/07/04 03:14:38 cannot load plugin ../../mrapps/crash.so
2023/07/04 03:14:38 cannot load plugin ../../mrapps/crash.so
2023/07/04 03:14:39 cannot load plugin ../../mrapps/crash.so
2023/07/04 03:14:39 cannot load plugin ../../mrapps/crash.so
2023/07/04 03:14:40 cannot load plugin ../../mrapps/crash.so
2023/07/04 03:14:40 cannot load plugin ../../mrapps/crash.so
2023/07/04 03:14:41 cannot load plugin ../../mrapps/crash.so
2023/07/04 03:14:41 cannot load plugin ../../mrapps/crash.so
2023/07/04 03:14:42 cannot load plugin ../../mrapps/crash.so
2023/07/04 03:14:42 cannot load plugin ../../mrapps/crash.so
2023/07/04 03:14:43 cannot load plugin ../../mrapps/crash.so
2023/07/04 03:14:43 cannot load plugin ../../mrapps/crash.so
2023/07/04 03:14:45 cannot load plugin ../../mrapps/crash.so
2023/07/04 03:14:45 cannot load plugin ../../mrapps/crash.so
2023/07/04 03:14:46 cannot load plugin ../../mrapps/crash.so
2023/07/04 03:14:46 cannot load plugin ../../mrapps/crash.so
2023/07/04 03:14:47 cannot load plugin ../../mrapps/crash.so
2023/07/04 03:14:47 cannot load plugin ../../mrapps/crash.so
2023/07/04 03:14:48 cannot load plugin ../../mrapps/crash.so
2023/07/04 03:14:48 cannot load plugin ../../mrapps/crash.so
2023/07/04 03:14:49 cannot load plugin ../../mrapps/crash.so
2023/07/04 03:14:49 cannot load plugin ../../mrapps/crash.so
2023/07/04 03:14:50 cannot load plugin ../../mrapps/crash.so
2023/07/04 03:14:50 cannot load plugin ../../mrapps/crash.so
2023/07/04 03:14:51 cannot load plugin ../../mrapps/crash.so
2023/07/04 03:14:51 cannot load plugin ../../mrapps/crash.so
2023/07/04 03:14:52 cannot load plugin ../../mrapps/crash.so
2023/07/04 03:14:52 cannot load plugin ../../mrapps/crash.so
2023/07/04 03:14:53 cannot load plugin ../../mrapps/crash.so
2023/07/04 03:14:53 cannot load plugin ../../mrapps/crash.so
2023/07/04 03:14:54 cannot load plugin ../../mrapps/crash.so
2023/07/04 03:14:54 cannot load plugin ../../mrapps/crash.so
2023/07/04 03:14:55 cannot load plugin ../../mrapps/crash.so
2023/07/04 03:14:55 cannot load plugin ../../mrapps/crash.so
2023/07/04 03:14:56 cannot load plugin ../../mrapps/crash.so
2023/07/04 03:14:56 cannot load plugin ../../mrapps/crash.so
2023/07/04 03:14:57 cannot load plugin ../../mrapps/crash.so
2023/07/04 03:14:57 cannot load plugin ../../mrapps/crash.so
2023/07/04 03:14:58 cannot load plugin ../../mrapps/crash.so
2023/07/04 03:14:58 cannot load plugin ../../mrapps/crash.so
2023/07/04 03:14:59 cannot load plugin ../../mrapps/crash.so
2023/07/04 03:14:59 cannot load plugin ../../mrapps/crash.so
2023/07/04 03:15:00 cannot load plugin ../../mrapps/crash.so
2023/07/04 03:15:00 cannot load plugin ../../mrapps/crash.so
2023/07/04 03:15:01 cannot load plugin ../../mrapps/crash.so
2023/07/04 03:15:01 cannot load plugin ../../mrapps/crash.so
2023/07/04 03:15:02 cannot load plugin ../../mrapps/crash.so
2023/07/04 03:15:02 cannot load plugin ../../mrapps/crash.so
2023/07/04 03:15:03 cannot load plugin ../../mrapps/crash.so
2023/07/04 03:15:03 cannot load plugin ../../mrapps/crash.so
2023/07/04 03:15:04 cannot load plugin ../../mrapps/crash.so
2023/07/04 03:15:04 cannot load plugin ../../mrapps/crash.so
2023/07/04 03:15:05 cannot load plugin ../../mrapps/crash.so
2023/07/04 03:15:05 cannot load plugin ../../mrapps/crash.so
2023/07/04 03:15:06 cannot load plugin ../../mrapps/crash.so
2023/07/04 03:15:06 cannot load plugin ../../mrapps/crash.so
2023/07/04 03:15:07 cannot load plugin ../../mrapps/crash.so
2023/07/04 03:15:07 cannot load plugin ../../mrapps/crash.so
2023/07/04 03:15:08 cannot load plugin ../../mrapps/crash.so
2023/07/04 03:15:08 cannot load plugin ../../mrapps/crash.so
2023/07/04 03:15:09 cannot load plugin ../../mrapps/crash.so
2023/07/04 03:15:09 cannot load plugin ../../mrapps/crash.so
2023/07/04 03:15:10 cannot load plugin ../../mrapps/crash.so
2023/07/04 03:15:10 cannot load plugin ../../mrapps/crash.so
2023/07/04 03:15:11 cannot load plugin ../../mrapps/crash.so
2023/07/04 03:15:11 cannot load plugin ../../mrapps/crash.so
2023/07/04 03:15:12 cannot load plugin ../../mrapps/crash.so
2023/07/04 03:15:12 cannot load plugin ../../mrapps/crash.so
2023/07/04 03:15:13 cannot load plugin ../../mrapps/crash.so
2023/07/04 03:15:13 cannot load plugin ../../mrapps/crash.so
2023/07/04 03:15:14 cannot load plugin ../../mrapps/crash.so
2023/07/04 03:15:14 cannot load plugin ../../mrapps/crash.so
2023/07/04 03:15:15 cannot load plugin ../../mrapps/crash.so
2023/07/04 03:15:15 cannot load plugin ../../mrapps/crash.so
2023/07/04 03:15:16 cannot load plugin ../../mrapps/crash.so
2023/07/04 03:15:16 cannot load plugin ../../mrapps/crash.so
2023/07/04 03:15:17 cannot load plugin ../../mrapps/crash.so
2023/07/04 03:15:17 cannot load plugin ../../mrapps/crash.so
2023/07/04 03:15:18 cannot load plugin ../../mrapps/crash.so
2023/07/04 03:15:18 cannot load plugin ../../mrapps/crash.so
2023/07/04 03:15:19 cannot load plugin ../../mrapps/crash.so
2023/07/04 03:15:19 cannot load plugin ../../mrapps/crash.so
2023/07/04 03:15:20 cannot load plugin ../../mrapps/crash.so
2023/07/04 03:15:20 cannot load plugin ../../mrapps/crash.so
2023/07/04 03:15:21 cannot load plugin ../../mrapps/crash.so
2023/07/04 03:15:21 cannot load plugin ../../mrapps/crash.so
2023/07/04 03:15:22 cannot load plugin ../../mrapps/crash.so
2023/07/04 03:15:22 cannot load plugin ../../mrapps/crash.so
2023/07/04 03:15:23 cannot load plugin ../../mrapps/crash.so
2023/07/04 03:15:23 cannot load plugin ../../mrapps/crash.so
2023/07/04 03:15:24 cannot load plugin ../../mrapps/crash.so
2023/07/04 03:15:24 cannot load plugin ../../mrapps/crash.so
2023/07/04 03:15:25 cannot load plugin ../../mrapps/crash.so
2023/07/04 03:15:25 cannot load plugin ../../mrapps/crash.so
2023/07/04 03:15:26 cannot load plugin ../../mrapps/crash.so
2023/07/04 03:15:26 cannot load plugin ../../mrapps/crash.so
2023/07/04 03:15:27 cannot load plugin ../../mrapps/crash.so
2023/07/04 03:15:27 cannot load plugin ../../mrapps/crash.so
2023/07/04 03:15:28 cannot load plugin ../../mrapps/crash.so
2023/07/04 03:15:28 cannot load plugin ../../mrapps/crash.so
2023/07/04 03:15:29 cannot load plugin ../../mrapps/crash.so
2023/07/04 03:15:29 cannot load plugin ../../mrapps/crash.so
2023/07/04 03:15:30 cannot load plugin ../../mrapps/crash.so
2023/07/04 03:15:30 cannot load plugin ../../mrapps/crash.so
2023/07/04 03:15:31 cannot load plugin ../../mrapps/crash.so
2023/07/04 03:15:31 cannot load plugin ../../mrapps/crash.so
2023/07/04 03:15:32 cannot load plugin ../../mrapps/crash.so
2023/07/04 03:15:32 cannot load plugin ../../mrapps/crash.so
2023/07/04 03:15:33 cannot load plugin ../../mrapps/crash.so
2023/07/04 03:15:33 cannot load plugin ../../mrapps/crash.so
2023/07/04 03:15:34 cannot load plugin ../../mrapps/crash.so
2023/07/04 03:15:34 cannot load plugin ../../mrapps/crash.so
2023/07/04 03:15:35 cannot load plugin ../../mrapps/crash.so
2023/07/04 03:15:35 cannot load plugin ../../mrapps/crash.so
2023/07/04 03:15:36 cannot load plugin ../../mrapps/crash.so
2023/07/04 03:15:36 cannot load plugin ../../mrapps/crash.so
2023/07/04 03:15:37 cannot load plugin ../../mrapps/crash.so
2023/07/04 03:15:37 cannot load plugin ../../mrapps/crash.so
2023/07/04 03:15:38 cannot load plugin ../../mrapps/crash.so
2023/07/04 03:15:38 cannot load plugin ../../mrapps/crash.so
2023/07/04 03:15:39 cannot load plugin ../../mrapps/crash.so
2023/07/04 03:15:39 cannot load plugin ../../mrapps/crash.so
2023/07/04 03:15:40 cannot load plugin ../../mrapps/crash.so
2023/07/04 03:15:40 cannot load plugin ../../mrapps/crash.so
2023/07/04 03:15:41 cannot load plugin ../../mrapps/crash.so
2023/07/04 03:15:41 cannot load plugin ../../mrapps/crash.so
2023/07/04 03:15:42 cannot load plugin ../../mrapps/crash.so
2023/07/04 03:15:42 cannot load plugin ../../mrapps/crash.so
2023/07/04 03:15:43 cannot load plugin ../../mrapps/crash.so
2023/07/04 03:15:43 cannot load plugin ../../mrapps/crash.so
2023/07/04 03:15:44 cannot load plugin ../../mrapps/crash.so
2023/07/04 03:15:44 cannot load plugin ../../mrapps/crash.so
2023/07/04 03:15:45 cannot load plugin ../../mrapps/crash.so
2023/07/04 03:15:45 cannot load plugin ../../mrapps/crash.so
2023/07/04 03:15:46 cannot load plugin ../../mrapps/crash.so
2023/07/04 03:15:46 cannot load plugin ../../mrapps/crash.so
2023/07/04 03:15:47 cannot load plugin ../../mrapps/crash.so
2023/07/04 03:15:47 cannot load plugin ../../mrapps/crash.so
2023/07/04 03:15:48 cannot load plugin ../../mrapps/crash.so
2023/07/04 03:15:48 cannot load plugin ../../mrapps/crash.so
2023/07/04 03:15:49 cannot load plugin ../../mrapps/crash.so
2023/07/04 03:15:49 cannot load plugin ../../mrapps/crash.so
2023/07/04 03:15:50 cannot load plugin ../../mrapps/crash.so
2023/07/04 03:15:50 cannot load plugin ../../mrapps/crash.so
2023/07/04 03:15:51 cannot load plugin ../../mrapps/crash.so
2023/07/04 03:15:51 cannot load plugin ../../mrapps/crash.so
2023/07/04 03:15:52 cannot load plugin ../../mrapps/crash.so
2023/07/04 03:15:52 cannot load plugin ../../mrapps/crash.so
2023/07/04 03:15:53 cannot load plugin ../../mrapps/crash.so
2023/07/04 03:15:53 cannot load plugin ../../mrapps/crash.so
2023/07/04 03:15:54 cannot load plugin ../../mrapps/crash.so
2023/07/04 03:15:54 cannot load plugin ../../mrapps/crash.so
2023/07/04 03:15:55 cannot load plugin ../../mrapps/crash.so
2023/07/04 03:15:55 cannot load plugin ../../mrapps/crash.so
2023/07/04 03:15:56 cannot load plugin ../../mrapps/crash.so
2023/07/04 03:15:56 cannot load plugin ../../mrapps/crash.so
2023/07/04 03:15:57 cannot load plugin ../../mrapps/crash.so
2023/07/04 03:15:57 cannot load plugin ../../mrapps/crash.so
2023/07/04 03:15:58 cannot load plugin ../../mrapps/crash.so
2023/07/04 03:15:58 cannot load plugin ../../mrapps/crash.so
2023/07/04 03:15:59 cannot load plugin ../../mrapps/crash.so
2023/07/04 03:15:59 cannot load plugin ../../mrapps/crash.so
2023/07/04 03:16:00 cannot load plugin ../../mrapps/crash.so
2023/07/04 03:16:00 cannot load plugin ../../mrapps/crash.so
2023/07/04 03:16:01 cannot load plugin ../../mrapps/crash.so
2023/07/04 03:16:01 cannot load plugin ../../mrapps/crash.so
2023/07/04 03:16:02 cannot load plugin ../../mrapps/crash.so
2023/07/04 03:16:02 cannot load plugin ../../mrapps/crash.so
2023/07/04 03:16:03 cannot load plugin ../../mrapps/crash.so
2023/07/04 03:16:03 cannot load plugin ../../mrapps/crash.so
2023/07/04 03:16:04 cannot load plugin ../../mrapps/crash.so
2023/07/04 03:16:04 cannot load plugin ../../mrapps/crash.so
2023/07/04 03:16:05 cannot load plugin ../../mrapps/crash.so
2023/07/04 03:16:05 cannot load plugin ../../mrapps/crash.so
2023/07/04 03:16:06 cannot load plugin ../../mrapps/crash.so
2023/07/04 03:16:06 cannot load plugin ../../mrapps/crash.so
2023/07/04 03:16:07 cannot load plugin ../../mrapps/crash.so
2023/07/04 03:16:07 cannot load plugin ../../mrapps/crash.so
2023/07/04 03:16:08 cannot load plugin ../../mrapps/crash.so
2023/07/04 03:16:08 cannot load plugin ../../mrapps/crash.so
2023/07/04 03:16:09 cannot load plugin ../../mrapps/crash.so
2023/07/04 03:16:09 cannot load plugin ../../mrapps/crash.so
2023/07/04 03:16:10 cannot load plugin ../../mrapps/crash.so
2023/07/04 03:16:10 cannot load plugin ../../mrapps/crash.so
2023/07/04 03:16:11 cannot load plugin ../../mrapps/crash.so
2023/07/04 03:16:11 cannot load plugin ../../mrapps/crash.so
2023/07/04 03:16:12 cannot load plugin ../../mrapps/crash.so
2023/07/04 03:16:12 cannot load plugin ../../mrapps/crash.so
2023/07/04 03:16:13 cannot load plugin ../../mrapps/crash.so
2023/07/04 03:16:13 cannot load plugin ../../mrapps/crash.so
2023/07/04 03:16:14 cannot load plugin ../../mrapps/crash.so
2023/07/04 03:16:14 cannot load plugin ../../mrapps/crash.so
2023/07/04 03:16:15 cannot load plugin ../../mrapps/crash.so
2023/07/04 03:16:15 cannot load plugin ../../mrapps/crash.so
2023/07/04 03:16:16 cannot load plugin ../../mrapps/crash.so
2023/07/04 03:16:16 cannot load plugin ../../mrapps/crash.so
2023/07/04 03:16:17 cannot load plugin ../../mrapps/crash.so
2023/07/04 03:16:17 cannot load plugin ../../mrapps/crash.so
2023/07/04 03:16:18 cannot load plugin ../../mrapps/crash.so
2023/07/04 03:16:18 cannot load plugin ../../mrapps/crash.so
2023/07/04 03:16:19 cannot load plugin ../../mrapps/crash.so
2023/07/04 03:16:19 cannot load plugin ../../mrapps/crash.so
2023/07/04 03:16:20 cannot load plugin ../../mrapps/crash.so
2023/07/04 03:16:20 cannot load plugin ../../mrapps/crash.so
2023/07/04 03:16:21 cannot load plugin ../../mrapps/crash.so
2023/07/04 03:16:21 cannot load plugin ../../mrapps/crash.so
2023/07/04 03:16:22 cannot load plugin ../../mrapps/crash.so
2023/07/04 03:16:22 cannot load plugin ../../mrapps/crash.so
2023/07/04 03:16:23 cannot load plugin ../../mrapps/crash.so
2023/07/04 03:16:23 cannot load plugin ../../mrapps/crash.so
2023/07/04 03:16:24 cannot load plugin ../../mrapps/crash.so
2023/07/04 03:16:24 cannot load plugin ../../mrapps/crash.so
2023/07/04 03:16:25 cannot load plugin ../../mrapps/crash.so
2023/07/04 03:16:25 cannot load plugin ../../mrapps/crash.so
2023/07/04 03:16:26 cannot load plugin ../../mrapps/crash.so
2023/07/04 03:16:26 cannot load plugin ../../mrapps/crash.so
2023/07/04 03:16:27 cannot load plugin ../../mrapps/crash.so
2023/07/04 03:16:27 cannot load plugin ../../mrapps/crash.so
2023/07/04 03:16:28 cannot load plugin ../../mrapps/crash.so
2023/07/04 03:16:28 cannot load plugin ../../mrapps/crash.so
2023/07/04 03:16:29 cannot load plugin ../../mrapps/crash.so
2023/07/04 03:16:29 cannot load plugin ../../mrapps/crash.so
2023/07/04 03:16:30 cannot load plugin ../../mrapps/crash.so
2023/07/04 03:16:30 cannot load plugin ../../mrapps/crash.so
2023/07/04 03:16:32 cannot load plugin ../../mrapps/crash.so
2023/07/04 03:16:32 cannot load plugin ../../mrapps/crash.so
2023/07/04 03:16:33 cannot load plugin ../../mrapps/crash.so
2023/07/04 03:16:33 cannot load plugin ../../mrapps/crash.so
2023/07/04 03:16:34 cannot load plugin ../../mrapps/crash.so
2023/07/04 03:16:34 cannot load plugin ../../mrapps/crash.so
2023/07/04 03:16:35 cannot load plugin ../../mrapps/crash.so
2023/07/04 03:16:35 cannot load plugin ../../mrapps/crash.so
2023/07/04 03:16:36 cannot load plugin ../../mrapps/crash.so
2023/07/04 03:16:36 cannot load plugin ../../mrapps/crash.so
2023/07/04 03:16:37 cannot load plugin ../../mrapps/crash.so
2023/07/04 03:16:37 cannot load plugin ../../mrapps/crash.so
2023/07/04 03:16:38 cannot load plugin ../../mrapps/crash.so
2023/07/04 03:16:38 cannot load plugin ../../mrapps/crash.so
2023/07/04 03:16:39 cannot load plugin ../../mrapps/crash.so
2023/07/04 03:16:39 cannot load plugin ../../mrapps/crash.so
2023/07/04 03:16:40 cannot load plugin ../../mrapps/crash.so
2023/07/04 03:16:40 cannot load plugin ../../mrapps/crash.so
2023/07/04 03:16:41 cannot load plugin ../../mrapps/crash.so
2023/07/04 03:16:41 cannot load plugin ../../mrapps/crash.so
2023/07/04 03:16:42 cannot load plugin ../../mrapps/crash.so
2023/07/04 03:16:42 cannot load plugin ../../mrapps/crash.so
2023/07/04 03:16:43 cannot load plugin ../../mrapps/crash.so
2023/07/04 03:16:43 cannot load plugin ../../mrapps/crash.so
2023/07/04 03:16:44 cannot load plugin ../../mrapps/crash.so
2023/07/04 03:16:44 cannot load plugin ../../mrapps/crash.so
2023/07/04 03:16:45 cannot load plugin ../../mrapps/crash.so
2023/07/04 03:16:45 cannot load plugin ../../mrapps/crash.so
2023/07/04 03:16:46 cannot load plugin ../../mrapps/crash.so
2023/07/04 03:16:46 cannot load plugin ../../mrapps/crash.so
2023/07/04 03:16:47 cannot load plugin ../../mrapps/crash.so
2023/07/04 03:16:47 cannot load plugin ../../mrapps/crash.so
2023/07/04 03:16:48 cannot load plugin ../../mrapps/crash.so
2023/07/04 03:16:48 cannot load plugin ../../mrapps/crash.so
2023/07/04 03:16:49 cannot load plugin ../../mrapps/crash.so
2023/07/04 03:16:49 cannot load plugin ../../mrapps/crash.so
2023/07/04 03:16:50 cannot load plugin ../../mrapps/crash.so
2023/07/04 03:16:50 cannot load plugin ../../mrapps/crash.so
2023/07/04 03:16:51 cannot load plugin ../../mrapps/crash.so
2023/07/04 03:16:51 cannot load plugin ../../mrapps/crash.so
2023/07/04 03:16:52 cannot load plugin ../../mrapps/crash.so
2023/07/04 03:16:52 cannot load plugin ../../mrapps/crash.so
2023/07/04 03:16:53 cannot load plugin ../../mrapps/crash.so
2023/07/04 03:16:53 cannot load plugin ../../mrapps/crash.so
2023/07/04 03:16:54 cannot load plugin ../../mrapps/crash.so
2023/07/04 03:16:54 cannot load plugin ../../mrapps/crash.so
2023/07/04 03:16:55 cannot load plugin ../../mrapps/crash.so
2023/07/04 03:16:55 cannot load plugin ../../mrapps/crash.so
2023/07/04 03:16:56 cannot load plugin ../../mrapps/crash.so
2023/07/04 03:16:56 cannot load plugin ../../mrapps/crash.so
2023/07/04 03:16:57 cannot load plugin ../../mrapps/crash.so
2023/07/04 03:16:57 cannot load plugin ../../mrapps/crash.so
2023/07/04 03:16:58 cannot load plugin ../../mrapps/crash.so
2023/07/04 03:16:58 cannot load plugin ../../mrapps/crash.so
2023/07/04 03:16:59 cannot load plugin ../../mrapps/crash.so
2023/07/04 03:16:59 cannot load plugin ../../mrapps/crash.so
2023/07/04 03:17:00 cannot load plugin ../../mrapps/crash.so
2023/07/04 03:17:00 cannot load plugin ../../mrapps/crash.so
2023/07/04 03:17:01 cannot load plugin ../../mrapps/crash.so
2023/07/04 03:17:01 cannot load plugin ../../mrapps/crash.so
2023/07/04 03:17:02 cannot load plugin ../../mrapps/crash.so
2023/07/04 03:17:02 cannot load plugin ../../mrapps/crash.so
2023/07/04 03:17:03 cannot load plugin ../../mrapps/crash.so
2023/07/04 03:17:03 cannot load plugin ../../mrapps/crash.so
2023/07/04 03:17:04 cannot load plugin ../../mrapps/crash.so
2023/07/04 03:17:04 cannot load plugin ../../mrapps/crash.so
2023/07/04 03:17:05 cannot load plugin ../../mrapps/crash.so
2023/07/04 03:17:05 cannot load plugin ../../mrapps/crash.so
2023/07/04 03:17:06 cannot load plugin ../../mrapps/crash.so
2023/07/04 03:17:06 cannot load plugin ../../mrapps/crash.so
2023/07/04 03:17:07 cannot load plugin ../../mrapps/crash.so
2023/07/04 03:17:07 cannot load plugin ../../mrapps/crash.so
2023/07/04 03:17:08 cannot load plugin ../../mrapps/crash.so
2023/07/04 03:17:08 cannot load plugin ../../mrapps/crash.so
2023/07/04 03:17:09 cannot load plugin ../../mrapps/crash.so
2023/07/04 03:17:09 cannot load plugin ../../mrapps/crash.so
2023/07/04 03:17:10 cannot load plugin ../../mrapps/crash.so
2023/07/04 03:17:10 cannot load plugin ../../mrapps/crash.so
2023/07/04 03:17:11 cannot load plugin ../../mrapps/crash.so
2023/07/04 03:17:11 cannot load plugin ../../mrapps/crash.so
2023/07/04 03:17:12 cannot load plugin ../../mrapps/crash.so
2023/07/04 03:17:12 cannot load plugin ../../mrapps/crash.so
2023/07/04 03:17:13 cannot load plugin ../../mrapps/crash.so
2023/07/04 03:17:13 cannot load plugin ../../mrapps/crash.so
2023/07/04 03:17:14 cannot load plugin ../../mrapps/crash.so
2023/07/04 03:17:14 cannot load plugin ../../mrapps/crash.so
2023/07/04 03:17:15 cannot load plugin ../../mrapps/crash.so
2023/07/04 03:17:15 cannot load plugin ../../mrapps/crash.so
2023/07/04 03:17:16 cannot load plugin ../../mrapps/crash.so
2023/07/04 03:17:16 cannot load plugin ../../mrapps/crash.so
2023/07/04 03:17:17 cannot load plugin ../../mrapps/crash.so
2023/07/04 03:17:17 cannot load plugin ../../mrapps/crash.so
2023/07/04 03:17:18 cannot load plugin ../../mrapps/crash.so
2023/07/04 03:17:18 cannot load plugin ../../mrapps/crash.so
2023/07/04 03:17:19 cannot load plugin ../../mrapps/crash.so
2023/07/04 03:17:19 cannot load plugin ../../mrapps/crash.so
2023/07/04 03:17:20 cannot load plugin ../../mrapps/crash.so
2023/07/04 03:17:20 cannot load plugin ../../mrapps/crash.so
2023/07/04 03:17:21 cannot load plugin ../../mrapps/crash.so
2023/07/04 03:17:21 cannot load plugin ../../mrapps/crash.so
2023/07/04 03:17:22 cannot load plugin ../../mrapps/crash.so
2023/07/04 03:17:22 cannot load plugin ../../mrapps/crash.so
2023/07/04 03:17:23 cannot load plugin ../../mrapps/crash.so
2023/07/04 03:17:23 cannot load plugin ../../mrapps/crash.so
2023/07/04 03:17:24 cannot load plugin ../../mrapps/crash.so
2023/07/04 03:17:24 cannot load plugin ../../mrapps/crash.so
2023/07/04 03:17:25 cannot load plugin ../../mrapps/crash.so
2023/07/04 03:17:25 cannot load plugin ../../mrapps/crash.so
2023/07/04 03:17:26 cannot load plugin ../../mrapps/crash.so
2023/07/04 03:17:26 cannot load plugin ../../mrapps/crash.so
2023/07/04 03:17:27 cannot load plugin ../../mrapps/crash.so
2023/07/04 03:17:27 cannot load plugin ../../mrapps/crash.so
2023/07/04 03:17:28 cannot load plugin ../../mrapps/crash.so
2023/07/04 03:17:28 cannot load plugin ../../mrapps/crash.so
2023/07/04 03:17:29 cannot load plugin ../../mrapps/crash.so
2023/07/04 03:17:29 cannot load plugin ../../mrapps/crash.so
2023/07/04 03:17:30 cannot load plugin ../../mrapps/crash.so
2023/07/04 03:17:30 cannot load plugin ../../mrapps/crash.so
2023/07/04 03:17:31 cannot load plugin ../../mrapps/crash.so
2023/07/04 03:17:31 cannot load plugin ../../mrapps/crash.so
2023/07/04 03:17:32 cannot load plugin ../../mrapps/crash.so
2023/07/04 03:17:32 cannot load plugin ../../mrapps/crash.so
2023/07/04 03:17:33 cannot load plugin ../../mrapps/crash.so
2023/07/04 03:17:33 cannot load plugin ../../mrapps/crash.so
2023/07/04 03:17:34 cannot load plugin ../../mrapps/crash.so
2023/07/04 03:17:34 cannot load plugin ../../mrapps/crash.so
2023/07/04 03:17:35 cannot load plugin ../../mrapps/crash.so
2023/07/04 03:17:35 cannot load plugin ../../mrapps/crash.so
2023/07/04 03:17:36 cannot load plugin ../../mrapps/crash.so
2023/07/04 03:17:36 cannot load plugin ../../mrapps/crash.so
2023/07/04 03:17:37 cannot load plugin ../../mrapps/crash.so
2023/07/04 03:17:37 cannot load plugin ../../mrapps/crash.so
2023/07/04 03:17:38 cannot load plugin ../../mrapps/crash.so
2023/07/04 03:17:38 cannot load plugin ../../mrapps/crash.so
2023/07/04 03:17:39 cannot load plugin ../../mrapps/crash.so
2023/07/04 03:17:39 cannot load plugin ../../mrapps/crash.so
2023/07/04 03:17:40 cannot load plugin ../../mrapps/crash.so
2023/07/04 03:17:40 cannot load plugin ../../mrapps/crash.so
2023/07/04 03:17:41 cannot load plugin ../../mrapps/crash.so
2023/07/04 03:17:41 cannot load plugin ../../mrapps/crash.so
2023/07/04 03:17:42 cannot load plugin ../../mrapps/crash.so
2023/07/04 03:17:42 cannot load plugin ../../mrapps/crash.so
2023/07/04 03:17:43 cannot load plugin ../../mrapps/crash.so
2023/07/04 03:17:43 cannot load plugin ../../mrapps/crash.so
2023/07/04 03:17:44 cannot load plugin ../../mrapps/crash.so
2023/07/04 03:17:44 cannot load plugin ../../mrapps/crash.so
2023/07/04 03:17:45 cannot load plugin ../../mrapps/crash.so
2023/07/04 03:17:45 cannot load plugin ../../mrapps/crash.so
2023/07/04 03:17:46 cannot load plugin ../../mrapps/crash.so
2023/07/04 03:17:46 cannot load plugin ../../mrapps/crash.so
2023/07/04 03:17:47 cannot load plugin ../../mrapps/crash.so
2023/07/04 03:17:47 cannot load plugin ../../mrapps/crash.so
2023/07/04 03:17:48 cannot load plugin ../../mrapps/crash.so
2023/07/04 03:17:48 cannot load plugin ../../mrapps/crash.so
2023/07/04 03:17:49 cannot load plugin ../../mrapps/crash.so
2023/07/04 03:17:49 cannot load plugin ../../mrapps/crash.so
2023/07/04 03:17:50 cannot load plugin ../../mrapps/crash.so
2023/07/04 03:17:50 cannot load plugin ../../mrapps/crash.so
2023/07/04 03:17:51 cannot load plugin ../../mrapps/crash.so
2023/07/04 03:17:51 cannot load plugin ../../mrapps/crash.so
2023/07/04 03:17:52 cannot load plugin ../../mrapps/crash.so
2023/07/04 03:17:52 cannot load plugin ../../mrapps/crash.so
2023/07/04 03:17:53 cannot load plugin ../../mrapps/crash.so
2023/07/04 03:17:53 cannot load plugin ../../mrapps/crash.so
2023/07/04 03:17:54 cannot load plugin ../../mrapps/crash.so
2023/07/04 03:17:54 cannot load plugin ../../mrapps/crash.so
2023/07/04 03:17:55 cannot load plugin ../../mrapps/crash.so
2023/07/04 03:17:55 cannot load plugin ../../mrapps/crash.so
2023/07/04 03:17:56 cannot load plugin ../../mrapps/crash.so
2023/07/04 03:17:56 cannot load plugin ../../mrapps/crash.so
2023/07/04 03:17:57 cannot load plugin ../../mrapps/crash.so
2023/07/04 03:17:57 cannot load plugin ../../mrapps/crash.so
2023/07/04 03:17:58 cannot load plugin ../../mrapps/crash.so
2023/07/04 03:17:58 cannot load plugin ../../mrapps/crash.so
2023/07/04 03:17:59 cannot load plugin ../../mrapps/crash.so
2023/07/04 03:17:59 cannot load plugin ../../mrapps/crash.so
2023/07/04 03:18:00 cannot load plugin ../../mrapps/crash.so
2023/07/04 03:18:00 cannot load plugin ../../mrapps/crash.so
2023/07/04 03:18:01 cannot load plugin ../../mrapps/crash.so
2023/07/04 03:18:01 cannot load plugin ../../mrapps/crash.so
2023/07/04 03:18:02 cannot load plugin ../../mrapps/crash.so
2023/07/04 03:18:02 cannot load plugin ../../mrapps/crash.so
2023/07/04 03:18:03 cannot load plugin ../../mrapps/crash.so
2023/07/04 03:18:03 cannot load plugin ../../mrapps/crash.so
2023/07/04 03:18:04 cannot load plugin ../../mrapps/crash.so
2023/07/04 03:18:04 cannot load plugin ../../mrapps/crash.so
2023/07/04 03:18:05 cannot load plugin ../../mrapps/crash.so
2023/07/04 03:18:05 cannot load plugin ../../mrapps/crash.so
2023/07/04 03:18:06 cannot load plugin ../../mrapps/crash.so
2023/07/04 03:18:06 cannot load plugin ../../mrapps/crash.so
2023/07/04 03:18:07 cannot load plugin ../../mrapps/crash.so
2023/07/04 03:18:07 cannot load plugin ../../mrapps/crash.so
2023/07/04 03:18:08 cannot load plugin ../../mrapps/crash.so
2023/07/04 03:18:08 cannot load plugin ../../mrapps/crash.so
2023/07/04 03:18:09 cannot load plugin ../../mrapps/crash.so
2023/07/04 03:18:09 cannot load plugin ../../mrapps/crash.so
2023/07/04 03:18:10 cannot load plugin ../../mrapps/crash.so
2023/07/04 03:18:10 cannot load plugin ../../mrapps/crash.so
2023/07/04 03:18:11 cannot load plugin ../../mrapps/crash.so
2023/07/04 03:18:11 cannot load plugin ../../mrapps/crash.so
2023/07/04 03:18:12 cannot load plugin ../../mrapps/crash.so
2023/07/04 03:18:12 cannot load plugin ../../mrapps/crash.so
2023/07/04 03:18:13 cannot load plugin ../../mrapps/crash.so
2023/07/04 03:18:13 cannot load plugin ../../mrapps/crash.so
2023/07/04 03:18:14 cannot load plugin ../../mrapps/crash.so
2023/07/04 03:18:14 cannot load plugin ../../mrapps/crash.so
2023/07/04 03:18:15 cannot load plugin ../../mrapps/crash.so
2023/07/04 03:18:15 cannot load plugin ../../mrapps/crash.so
2023/07/04 03:18:16 cannot load plugin ../../mrapps/crash.so
2023/07/04 03:18:16 cannot load plugin ../../mrapps/crash.so
2023/07/04 03:18:17 cannot load plugin ../../mrapps/crash.so
2023/07/04 03:18:17 cannot load plugin ../../mrapps/crash.so
2023/07/04 03:18:18 cannot load plugin ../../mrapps/crash.so
2023/07/04 03:18:18 cannot load plugin ../../mrapps/crash.so
2023/07/04 03:18:19 cannot load plugin ../../mrapps/crash.so
2023/07/04 03:18:19 cannot load plugin ../../mrapps/crash.so
2023/07/04 03:18:20 cannot load plugin ../../mrapps/crash.so
2023/07/04 03:18:20 cannot load plugin ../../mrapps/crash.so
2023/07/04 03:18:21 cannot load plugin ../../mrapps/crash.so
2023/07/04 03:18:21 cannot load plugin ../../mrapps/crash.so
2023/07/04 03:18:22 cannot load plugin ../../mrapps/crash.so
2023/07/04 03:18:22 cannot load plugin ../../mrapps/crash.so
2023/07/04 03:18:23 cannot load plugin ../../mrapps/crash.so
2023/07/04 03:18:23 cannot load plugin ../../mrapps/crash.so
2023/07/04 03:18:24 cannot load plugin ../../mrapps/crash.so
2023/07/04 03:18:24 cannot load plugin ../../mrapps/crash.so
2023/07/04 03:18:25 cannot load plugin ../../mrapps/crash.so
2023/07/04 03:18:25 cannot load plugin ../../mrapps/crash.so
2023/07/04 03:18:26 cannot load plugin ../../mrapps/crash.so
2023/07/04 03:18:26 cannot load plugin ../../mrapps/crash.so
2023/07/04 03:18:27 cannot load plugin ../../mrapps/crash.so
2023/07/04 03:18:27 cannot load plugin ../../mrapps/crash.so
2023/07/04 03:18:28 cannot load plugin ../../mrapps/crash.so
2023/07/04 03:18:28 cannot load plugin ../../mrapps/crash.so
2023/07/04 03:18:29 cannot load plugin ../../mrapps/crash.so
2023/07/04 03:18:29 cannot load plugin ../../mrapps/crash.so
2023/07/04 03:18:30 cannot load plugin ../../mrapps/crash.so
2023/07/04 03:18:30 cannot load plugin ../../mrapps/crash.so
2023/07/04 03:18:31 cannot load plugin ../../mrapps/crash.so
2023/07/04 03:18:31 cannot load plugin ../../mrapps/crash.so
2023/07/04 03:18:32 cannot load plugin ../../mrapps/crash.so
2023/07/04 03:18:33 cannot load plugin ../../mrapps/crash.so
2023/07/04 03:18:34 cannot load plugin ../../mrapps/crash.so
2023/07/04 03:18:34 cannot load plugin ../../mrapps/crash.so
2023/07/04 03:18:35 cannot load plugin ../../mrapps/crash.so
2023/07/04 03:18:35 cannot load plugin ../../mrapps/crash.so
2023/07/04 03:18:36 cannot load plugin ../../mrapps/crash.so
2023/07/04 03:18:36 cannot load plugin ../../mrapps/crash.so
2023/07/04 03:18:37 cannot load plugin ../../mrapps/crash.so
2023/07/04 03:18:37 cannot load plugin ../../mrapps/crash.so
2023/07/04 03:18:38 cannot load plugin ../../mrapps/crash.so
2023/07/04 03:18:38 cannot load plugin ../../mrapps/crash.so
2023/07/04 03:18:39 cannot load plugin ../../mrapps/crash.so
2023/07/04 03:18:39 cannot load plugin ../../mrapps/crash.so
2023/07/04 03:18:40 cannot load plugin ../../mrapps/crash.so
2023/07/04 03:18:40 cannot load plugin ../../mrapps/crash.so
2023/07/04 03:18:41 cannot load plugin ../../mrapps/crash.so
2023/07/04 03:18:41 cannot load plugin ../../mrapps/crash.so
2023/07/04 03:18:42 cannot load plugin ../../mrapps/crash.so
2023/07/04 03:18:42 cannot load plugin ../../mrapps/crash.so
2023/07/04 03:18:43 cannot load plugin ../../mrapps/crash.so
2023/07/04 03:18:43 cannot load plugin ../../mrapps/crash.so
2023/07/04 03:18:44 cannot load plugin ../../mrapps/crash.so
2023/07/04 03:18:44 cannot load plugin ../../mrapps/crash.so
2023/07/04 03:18:45 cannot load plugin ../../mrapps/crash.so
2023/07/04 03:18:45 cannot load plugin ../../mrapps/crash.so
2023/07/04 03:18:46 cannot load plugin ../../mrapps/crash.so
2023/07/04 03:18:46 cannot load plugin ../../mrapps/crash.so
2023/07/04 03:18:47 cannot load plugin ../../mrapps/crash.so
2023/07/04 03:18:47 cannot load plugin ../../mrapps/crash.so
2023/07/04 03:18:48 cannot load plugin ../../mrapps/crash.so
2023/07/04 03:18:48 cannot load plugin ../../mrapps/crash.so
2023/07/04 03:18:49 cannot load plugin ../../mrapps/crash.so
2023/07/04 03:18:49 cannot load plugin ../../mrapps/crash.so
2023/07/04 03:18:50 cannot load plugin ../../mrapps/crash.so
2023/07/04 03:18:50 cannot load plugin ../../mrapps/crash.so
2023/07/04 03:18:51 cannot load plugin ../../mrapps/crash.so
2023/07/04 03:18:51 cannot load plugin ../../mrapps/crash.so
2023/07/04 03:18:52 cannot load plugin ../../mrapps/crash.so
2023/07/04 03:18:52 cannot load plugin ../../mrapps/crash.so
2023/07/04 03:18:53 cannot load plugin ../../mrapps/crash.so
2023/07/04 03:18:53 cannot load plugin ../../mrapps/crash.so
2023/07/04 03:18:54 cannot load plugin ../../mrapps/crash.so
2023/07/04 03:18:54 cannot load plugin ../../mrapps/crash.so
2023/07/04 03:18:55 cannot load plugin ../../mrapps/crash.so
2023/07/04 03:18:55 cannot load plugin ../../mrapps/crash.so
2023/07/04 03:18:56 cannot load plugin ../../mrapps/crash.so
2023/07/04 03:18:56 cannot load plugin ../../mrapps/crash.so
2023/07/04 03:18:57 cannot load plugin ../../mrapps/crash.so
2023/07/04 03:18:57 cannot load plugin ../../mrapps/crash.so
2023/07/04 03:18:58 cannot load plugin ../../mrapps/crash.so
2023/07/04 03:18:58 cannot load plugin ../../mrapps/crash.so
2023/07/04 03:18:59 cannot load plugin ../../mrapps/crash.so
2023/07/04 03:18:59 cannot load plugin ../../mrapps/crash.so
2023/07/04 03:19:00 cannot load plugin ../../mrapps/crash.so
2023/07/04 03:19:00 cannot load plugin ../../mrapps/crash.so
2023/07/04 03:19:01 cannot load plugin ../../mrapps/crash.so
2023/07/04 03:19:01 cannot load plugin ../../mrapps/crash.so
2023/07/04 03:19:02 cannot load plugin ../../mrapps/crash.so
2023/07/04 03:19:02 cannot load plugin ../../mrapps/crash.so
2023/07/04 03:19:03 cannot load plugin ../../mrapps/crash.so
2023/07/04 03:19:03 cannot load plugin ../../mrapps/crash.so
2023/07/04 03:19:04 cannot load plugin ../../mrapps/crash.so
2023/07/04 03:19:04 cannot load plugin ../../mrapps/crash.so
2023/07/04 03:19:05 cannot load plugin ../../mrapps/crash.so
2023/07/04 03:19:05 cannot load plugin ../../mrapps/crash.so
2023/07/04 03:19:06 cannot load plugin ../../mrapps/crash.so
2023/07/04 03:19:06 cannot load plugin ../../mrapps/crash.so
2023/07/04 03:19:07 cannot load plugin ../../mrapps/crash.so
2023/07/04 03:19:07 cannot load plugin ../../mrapps/crash.so
2023/07/04 03:19:08 cannot load plugin ../../mrapps/crash.so
2023/07/04 03:19:08 cannot load plugin ../../mrapps/crash.so
2023/07/04 03:19:09 cannot load plugin ../../mrapps/crash.so
2023/07/04 03:19:09 cannot load plugin ../../mrapps/crash.so
2023/07/04 03:19:10 cannot load plugin ../../mrapps/crash.so
2023/07/04 03:19:10 cannot load plugin ../../mrapps/crash.so
2023/07/04 03:19:11 cannot load plugin ../../mrapps/crash.so
2023/07/04 03:19:11 cannot load plugin ../../mrapps/crash.so
2023/07/04 03:19:12 cannot load plugin ../../mrapps/crash.so
2023/07/04 03:19:12 cannot load plugin ../../mrapps/crash.so
2023/07/04 03:19:13 cannot load plugin ../../mrapps/crash.so
2023/07/04 03:19:13 cannot load plugin ../../mrapps/crash.so
2023/07/04 03:19:14 cannot load plugin ../../mrapps/crash.so
2023/07/04 03:19:14 cannot load plugin ../../mrapps/crash.so
2023/07/04 03:19:15 cannot load plugin ../../mrapps/crash.so
2023/07/04 03:19:15 cannot load plugin ../../mrapps/crash.so
2023/07/04 03:19:16 cannot load plugin ../../mrapps/crash.so
2023/07/04 03:19:16 cannot load plugin ../../mrapps/crash.so
2023/07/04 03:19:17 cannot load plugin ../../mrapps/crash.so
2023/07/04 03:19:17 cannot load plugin ../../mrapps/crash.so
2023/07/04 03:19:18 cannot load plugin ../../mrapps/crash.so
2023/07/04 03:19:18 cannot load plugin ../../mrapps/crash.so
2023/07/04 03:19:19 cannot load plugin ../../mrapps/crash.so
2023/07/04 03:19:19 cannot load plugin ../../mrapps/crash.so
2023/07/04 03:19:20 cannot load plugin ../../mrapps/crash.so
2023/07/04 03:19:20 cannot load plugin ../../mrapps/crash.so
2023/07/04 03:19:21 cannot load plugin ../../mrapps/crash.so
2023/07/04 03:19:21 cannot load plugin ../../mrapps/crash.so
2023/07/04 03:19:22 cannot load plugin ../../mrapps/crash.so
2023/07/04 03:19:22 cannot load plugin ../../mrapps/crash.so
2023/07/04 03:19:23 cannot load plugin ../../mrapps/crash.so
2023/07/04 03:19:23 cannot load plugin ../../mrapps/crash.so
2023/07/04 03:19:24 cannot load plugin ../../mrapps/crash.so
2023/07/04 03:19:24 cannot load plugin ../../mrapps/crash.so
2023/07/04 03:19:25 cannot load plugin ../../mrapps/crash.so
2023/07/04 03:19:25 cannot load plugin ../../mrapps/crash.so
2023/07/04 03:19:26 cannot load plugin ../../mrapps/crash.so
2023/07/04 03:19:26 cannot load plugin ../../mrapps/crash.so
2023/07/04 03:19:27 cannot load plugin ../../mrapps/crash.so
2023/07/04 03:19:27 cannot load plugin ../../mrapps/crash.so
2023/07/04 03:19:28 cannot load plugin ../../mrapps/crash.so
2023/07/04 03:19:28 cannot load plugin ../../mrapps/crash.so
2023/07/04 03:19:29 cannot load plugin ../../mrapps/crash.so
2023/07/04 03:19:29 cannot load plugin ../../mrapps/crash.so
2023/07/04 03:19:30 cannot load plugin ../../mrapps/crash.so
2023/07/04 03:19:30 cannot load plugin ../../mrapps/crash.so
2023/07/04 03:19:31 cannot load plugin ../../mrapps/crash.so
2023/07/04 03:19:31 cannot load plugin ../../mrapps/crash.so
2023/07/04 03:19:32 cannot load plugin ../../mrapps/crash.so
2023/07/04 03:19:32 cannot load plugin ../../mrapps/crash.so
2023/07/04 03:19:33 cannot load plugin ../../mrapps/crash.so
2023/07/04 03:19:33 cannot load plugin ../../mrapps/crash.so
2023/07/04 03:19:34 cannot load plugin ../../mrapps/crash.so
2023/07/04 03:19:34 cannot load plugin ../../mrapps/crash.so
2023/07/04 03:19:35 cannot load plugin ../../mrapps/crash.so
2023/07/04 03:19:35 cannot load plugin ../../mrapps/crash.so
2023/07/04 03:19:36 cannot load plugin ../../mrapps/crash.so
2023/07/04 03:19:36 cannot load plugin ../../mrapps/crash.so
2023/07/04 03:19:37 cannot load plugin ../../mrapps/crash.so
2023/07/04 03:19:37 cannot load plugin ../../mrapps/crash.so
2023/07/04 03:19:38 cannot load plugin ../../mrapps/crash.so
2023/07/04 03:19:38 cannot load plugin ../../mrapps/crash.so
2023/07/04 03:19:39 cannot load plugin ../../mrapps/crash.so
2023/07/04 03:19:39 cannot load plugin ../../mrapps/crash.so
2023/07/04 03:19:40 cannot load plugin ../../mrapps/crash.so
2023/07/04 03:19:40 cannot load plugin ../../mrapps/crash.so
2023/07/04 03:19:41 cannot load plugin ../../mrapps/crash.so
2023/07/04 03:19:41 cannot load plugin ../../mrapps/crash.so
2023/07/04 03:19:42 cannot load plugin ../../mrapps/crash.so
2023/07/04 03:19:42 cannot load plugin ../../mrapps/crash.so
2023/07/04 03:19:43 cannot load plugin ../../mrapps/crash.so
2023/07/04 03:19:43 cannot load plugin ../../mrapps/crash.so
2023/07/04 03:19:44 cannot load plugin ../../mrapps/crash.so
2023/07/04 03:19:44 cannot load plugin ../../mrapps/crash.so
2023/07/04 03:19:45 cannot load plugin ../../mrapps/crash.so
2023/07/04 03:19:45 cannot load plugin ../../mrapps/crash.so
2023/07/04 03:19:46 cannot load plugin ../../mrapps/crash.so
2023/07/04 03:19:46 cannot load plugin ../../mrapps/crash.so
2023/07/04 03:19:47 cannot load plugin ../../mrapps/crash.so
2023/07/04 03:19:47 cannot load plugin ../../mrapps/crash.so
2023/07/04 03:19:48 cannot load plugin ../../mrapps/crash.so
2023/07/04 03:19:48 cannot load plugin ../../mrapps/crash.so
2023/07/04 03:19:49 cannot load plugin ../../mrapps/crash.so
2023/07/04 03:19:49 cannot load plugin ../../mrapps/crash.so
2023/07/04 03:19:50 cannot load plugin ../../mrapps/crash.so
2023/07/04 03:19:50 cannot load plugin ../../mrapps/crash.so
2023/07/04 03:19:51 cannot load plugin ../../mrapps/crash.so
2023/07/04 03:19:51 cannot load plugin ../../mrapps/crash.so
2023/07/04 03:19:52 cannot load plugin ../../mrapps/crash.so
2023/07/04 03:19:52 cannot load plugin ../../mrapps/crash.so
2023/07/04 03:19:53 cannot load plugin ../../mrapps/crash.so
2023/07/04 03:19:53 cannot load plugin ../../mrapps/crash.so
2023/07/04 03:19:54 cannot load plugin ../../mrapps/crash.so
2023/07/04 03:19:54 cannot load plugin ../../mrapps/crash.so
2023/07/04 03:19:55 cannot load plugin ../../mrapps/crash.so
2023/07/04 03:19:55 cannot load plugin ../../mrapps/crash.so
2023/07/04 03:19:56 cannot load plugin ../../mrapps/crash.so
2023/07/04 03:19:56 cannot load plugin ../../mrapps/crash.so
2023/07/04 03:19:57 cannot load plugin ../../mrapps/crash.so
2023/07/04 03:19:57 cannot load plugin ../../mrapps/crash.so
2023/07/04 03:19:58 cannot load plugin ../../mrapps/crash.so
2023/07/04 03:19:58 cannot load plugin ../../mrapps/crash.so
2023/07/04 03:19:59 cannot load plugin ../../mrapps/crash.so
2023/07/04 03:19:59 cannot load plugin ../../mrapps/crash.so
2023/07/04 03:20:00 cannot load plugin ../../mrapps/crash.so
2023/07/04 03:20:00 cannot load plugin ../../mrapps/crash.so
2023/07/04 03:20:01 cannot load plugin ../../mrapps/crash.so
2023/07/04 03:20:01 cannot load plugin ../../mrapps/crash.so
2023/07/04 03:20:02 cannot load plugin ../../mrapps/crash.so
2023/07/04 03:20:02 cannot load plugin ../../mrapps/crash.so
2023/07/04 03:20:03 cannot load plugin ../../mrapps/crash.so
2023/07/04 03:20:03 cannot load plugin ../../mrapps/crash.so
2023/07/04 03:20:04 cannot load plugin ../../mrapps/crash.so
2023/07/04 03:20:04 cannot load plugin ../../mrapps/crash.so
2023/07/04 03:20:05 cannot load plugin ../../mrapps/crash.so
2023/07/04 03:20:05 cannot load plugin ../../mrapps/crash.so
2023/07/04 03:20:06 cannot load plugin ../../mrapps/crash.so
2023/07/04 03:20:06 cannot load plugin ../../mrapps/crash.so
2023/07/04 03:20:07 cannot load plugin ../../mrapps/crash.so
2023/07/04 03:20:07 cannot load plugin ../../mrapps/crash.so
2023/07/04 03:20:08 cannot load plugin ../../mrapps/crash.so
2023/07/04 03:20:08 cannot load plugin ../../mrapps/crash.so
2023/07/04 03:20:09 cannot load plugin ../../mrapps/crash.so
2023/07/04 03:20:09 cannot load plugin ../../mrapps/crash.so
2023/07/04 03:20:10 cannot load plugin ../../mrapps/crash.so
2023/07/04 03:20:10 cannot load plugin ../../mrapps/crash.so
2023/07/04 03:20:11 cannot load plugin ../../mrapps/crash.so
2023/07/04 03:20:11 cannot load plugin ../../mrapps/crash.so
2023/07/04 03:20:12 cannot load plugin ../../mrapps/crash.so
2023/07/04 03:20:12 cannot load plugin ../../mrapps/crash.so
2023/07/04 03:20:13 cannot load plugin ../../mrapps/crash.so
2023/07/04 03:20:13 cannot load plugin ../../mrapps/crash.so
2023/07/04 03:20:14 cannot load plugin ../../mrapps/crash.so
2023/07/04 03:20:14 cannot load plugin ../../mrapps/crash.so
2023/07/04 03:20:15 cannot load plugin ../../mrapps/crash.so
2023/07/04 03:20:15 cannot load plugin ../../mrapps/crash.so
2023/07/04 03:20:16 cannot load plugin ../../mrapps/crash.so
2023/07/04 03:20:16 cannot load plugin ../../mrapps/crash.so
2023/07/04 03:20:17 cannot load plugin ../../mrapps/crash.so
2023/07/04 03:20:17 cannot load plugin ../../mrapps/crash.so
2023/07/04 03:20:18 cannot load plugin ../../mrapps/crash.so
2023/07/04 03:20:18 cannot load plugin ../../mrapps/crash.so
2023/07/04 03:20:19 cannot load plugin ../../mrapps/crash.so
2023/07/04 03:20:19 cannot load plugin ../../mrapps/crash.so
2023/07/04 03:20:20 cannot load plugin ../../mrapps/crash.so
2023/07/04 03:20:20 cannot load plugin ../../mrapps/crash.so
2023/07/04 03:20:21 cannot load plugin ../../mrapps/crash.so
2023/07/04 03:20:21 cannot load plugin ../../mrapps/crash.so
2023/07/04 03:20:22 cannot load plugin ../../mrapps/crash.so
2023/07/04 03:20:22 cannot load plugin ../../mrapps/crash.so
2023/07/04 03:20:23 cannot load plugin ../../mrapps/crash.so
2023/07/04 03:20:23 cannot load plugin ../../mrapps/crash.so
2023/07/04 03:20:24 cannot load plugin ../../mrapps/crash.so
2023/07/04 03:20:24 cannot load plugin ../../mrapps/crash.so
2023/07/04 03:20:25 cannot load plugin ../../mrapps/crash.so
2023/07/04 03:20:25 cannot load plugin ../../mrapps/crash.so
2023/07/04 03:20:26 cannot load plugin ../../mrapps/crash.so
2023/07/04 03:20:26 cannot load plugin ../../mrapps/crash.so
2023/07/04 03:20:27 cannot load plugin ../../mrapps/crash.so
2023/07/04 03:20:27 cannot load plugin ../../mrapps/crash.so
2023/07/04 03:20:28 cannot load plugin ../../mrapps/crash.so
2023/07/04 03:20:28 cannot load plugin ../../mrapps/crash.so
2023/07/04 03:20:29 cannot load plugin ../../mrapps/crash.so
2023/07/04 03:20:29 cannot load plugin ../../mrapps/crash.so
2023/07/04 03:20:30 cannot load plugin ../../mrapps/crash.so
2023/07/04 03:20:30 cannot load plugin ../../mrapps/crash.so
2023/07/04 03:20:32 cannot load plugin ../../mrapps/crash.so
2023/07/04 03:20:32 cannot load plugin ../../mrapps/crash.so
2023/07/04 03:20:33 cannot load plugin ../../mrapps/crash.so
2023/07/04 03:20:33 cannot load plugin ../../mrapps/crash.so
2023/07/04 03:20:34 cannot load plugin ../../mrapps/crash.so
2023/07/04 03:20:34 cannot load plugin ../../mrapps/crash.so
2023/07/04 03:20:35 cannot load plugin ../../mrapps/crash.so
2023/07/04 03:20:35 cannot load plugin ../../mrapps/crash.so
2023/07/04 03:20:36 cannot load plugin ../../mrapps/crash.so
2023/07/04 03:20:36 cannot load plugin ../../mrapps/crash.so
2023/07/04 03:20:37 cannot load plugin ../../mrapps/crash.so
2023/07/04 03:20:37 cannot load plugin ../../mrapps/crash.so
2023/07/04 03:20:38 cannot load plugin ../../mrapps/crash.so
2023/07/04 03:20:38 cannot load plugin ../../mrapps/crash.so
2023/07/04 03:20:39 cannot load plugin ../../mrapps/crash.so
2023/07/04 03:20:39 cannot load plugin ../../mrapps/crash.so
2023/07/04 03:20:40 cannot load plugin ../../mrapps/crash.so
2023/07/04 03:20:40 cannot load plugin ../../mrapps/crash.so
2023/07/04 03:20:41 cannot load plugin ../../mrapps/crash.so
2023/07/04 03:20:41 cannot load plugin ../../mrapps/crash.so
2023/07/04 03:20:42 cannot load plugin ../../mrapps/crash.so
2023/07/04 03:20:42 cannot load plugin ../../mrapps/crash.so
2023/07/04 03:20:43 cannot load plugin ../../mrapps/crash.so
2023/07/04 03:20:43 cannot load plugin ../../mrapps/crash.so
2023/07/04 03:20:44 cannot load plugin ../../mrapps/crash.so
2023/07/04 03:20:44 cannot load plugin ../../mrapps/crash.so
2023/07/04 03:20:45 cannot load plugin ../../mrapps/crash.so
2023/07/04 03:20:45 cannot load plugin ../../mrapps/crash.so
2023/07/04 03:20:46 cannot load plugin ../../mrapps/crash.so
2023/07/04 03:20:46 cannot load plugin ../../mrapps/crash.so
2023/07/04 03:20:47 cannot load plugin ../../mrapps/crash.so
2023/07/04 03:20:47 cannot load plugin ../../mrapps/crash.so
2023/07/04 03:20:48 cannot load plugin ../../mrapps/crash.so
2023/07/04 03:20:48 cannot load plugin ../../mrapps/crash.so
2023/07/04 03:20:49 cannot load plugin ../../mrapps/crash.so
2023/07/04 03:20:49 cannot load plugin ../../mrapps/crash.so
2023/07/04 03:20:50 cannot load plugin ../../mrapps/crash.so
2023/07/04 03:20:50 cannot load plugin ../../mrapps/crash.so
2023/07/04 03:20:51 cannot load plugin ../../mrapps/crash.so
2023/07/04 03:20:51 cannot load plugin ../../mrapps/crash.so
2023/07/04 03:20:52 cannot load plugin ../../mrapps/crash.so
2023/07/04 03:20:52 cannot load plugin ../../mrapps/crash.so
2023/07/04 03:20:53 cannot load plugin ../../mrapps/crash.so
2023/07/04 03:20:53 cannot load plugin ../../mrapps/crash.so
2023/07/04 03:20:54 cannot load plugin ../../mrapps/crash.so
2023/07/04 03:20:54 cannot load plugin ../../mrapps/crash.so
2023/07/04 03:20:55 cannot load plugin ../../mrapps/crash.so
2023/07/04 03:20:55 cannot load plugin ../../mrapps/crash.so
2023/07/04 03:20:56 cannot load plugin ../../mrapps/crash.so
2023/07/04 03:20:56 cannot load plugin ../../mrapps/crash.so
2023/07/04 03:20:57 cannot load plugin ../../mrapps/crash.so
2023/07/04 03:20:57 cannot load plugin ../../mrapps/crash.so
2023/07/04 03:20:58 cannot load plugin ../../mrapps/crash.so
2023/07/04 03:20:58 cannot load plugin ../../mrapps/crash.so
2023/07/04 03:20:59 cannot load plugin ../../mrapps/crash.so
2023/07/04 03:20:59 cannot load plugin ../../mrapps/crash.so
2023/07/04 03:21:00 cannot load plugin ../../mrapps/crash.so
2023/07/04 03:21:00 cannot load plugin ../../mrapps/crash.so
2023/07/04 03:21:01 cannot load plugin ../../mrapps/crash.so
2023/07/04 03:21:01 cannot load plugin ../../mrapps/crash.so
2023/07/04 03:21:02 cannot load plugin ../../mrapps/crash.so
2023/07/04 03:21:02 cannot load plugin ../../mrapps/crash.so
2023/07/04 03:21:03 cannot load plugin ../../mrapps/crash.so
2023/07/04 03:21:03 cannot load plugin ../../mrapps/crash.so
2023/07/04 03:21:04 cannot load plugin ../../mrapps/crash.so
2023/07/04 03:21:04 cannot load plugin ../../mrapps/crash.so
2023/07/04 03:21:05 cannot load plugin ../../mrapps/crash.so
2023/07/04 03:21:05 cannot load plugin ../../mrapps/crash.so
2023/07/04 03:21:06 cannot load plugin ../../mrapps/crash.so
2023/07/04 03:21:06 cannot load plugin ../../mrapps/crash.so
2023/07/04 03:21:07 cannot load plugin ../../mrapps/crash.so
2023/07/04 03:21:07 cannot load plugin ../../mrapps/crash.so
2023/07/04 03:21:08 cannot load plugin ../../mrapps/crash.so
2023/07/04 03:21:08 cannot load plugin ../../mrapps/crash.so
2023/07/04 03:21:09 cannot load plugin ../../mrapps/crash.so
2023/07/04 03:21:09 cannot load plugin ../../mrapps/crash.so
2023/07/04 03:21:10 cannot load plugin ../../mrapps/crash.so
2023/07/04 03:21:10 cannot load plugin ../../mrapps/crash.so
2023/07/04 03:21:11 cannot load plugin ../../mrapps/crash.so
2023/07/04 03:21:11 cannot load plugin ../../mrapps/crash.so
2023/07/04 03:21:12 cannot load plugin ../../mrapps/crash.so
2023/07/04 03:21:12 cannot load plugin ../../mrapps/crash.so
2023/07/04 03:21:13 cannot load plugin ../../mrapps/crash.so
2023/07/04 03:21:13 cannot load plugin ../../mrapps/crash.so
2023/07/04 03:21:14 cannot load plugin ../../mrapps/crash.so
2023/07/04 03:21:14 cannot load plugin ../../mrapps/crash.so
2023/07/04 03:21:15 cannot load plugin ../../mrapps/crash.so
2023/07/04 03:21:15 cannot load plugin ../../mrapps/crash.so
2023/07/04 03:21:16 cannot load plugin ../../mrapps/crash.so
2023/07/04 03:21:16 cannot load plugin ../../mrapps/crash.so
2023/07/04 03:21:17 cannot load plugin ../../mrapps/crash.so
2023/07/04 03:21:17 cannot load plugin ../../mrapps/crash.so
2023/07/04 03:21:18 cannot load plugin ../../mrapps/crash.so
2023/07/04 03:21:18 cannot load plugin ../../mrapps/crash.so
2023/07/04 03:21:19 cannot load plugin ../../mrapps/crash.so
2023/07/04 03:21:19 cannot load plugin ../../mrapps/crash.so
2023/07/04 03:21:20 cannot load plugin ../../mrapps/crash.so
2023/07/04 03:21:20 cannot load plugin ../../mrapps/crash.so
2023/07/04 03:21:21 cannot load plugin ../../mrapps/crash.so
2023/07/04 03:21:21 cannot load plugin ../../mrapps/crash.so
2023/07/04 03:21:22 cannot load plugin ../../mrapps/crash.so
2023/07/04 03:21:22 cannot load plugin ../../mrapps/crash.so
2023/07/04 03:21:23 cannot load plugin ../../mrapps/crash.so
2023/07/04 03:21:23 cannot load plugin ../../mrapps/crash.so
2023/07/04 03:21:24 cannot load plugin ../../mrapps/crash.so
2023/07/04 03:21:24 cannot load plugin ../../mrapps/crash.so
2023/07/04 03:21:25 cannot load plugin ../../mrapps/crash.so
2023/07/04 03:21:25 cannot load plugin ../../mrapps/crash.so
2023/07/04 03:21:26 cannot load plugin ../../mrapps/crash.so
2023/07/04 03:21:26 cannot load plugin ../../mrapps/crash.so
2023/07/04 03:21:27 cannot load plugin ../../mrapps/crash.so
2023/07/04 03:21:27 cannot load plugin ../../mrapps/crash.so
2023/07/04 03:21:28 cannot load plugin ../../mrapps/crash.so
2023/07/04 03:21:28 cannot load plugin ../../mrapps/crash.so
2023/07/04 03:21:29 cannot load plugin ../../mrapps/crash.so
2023/07/04 03:21:29 cannot load plugin ../../mrapps/crash.so
2023/07/04 03:21:30 cannot load plugin ../../mrapps/crash.so
2023/07/04 03:21:30 cannot load plugin ../../mrapps/crash.so
2023/07/04 03:21:31 cannot load plugin ../../mrapps/crash.so
2023/07/04 03:21:31 cannot load plugin ../../mrapps/crash.so
2023/07/04 03:21:32 cannot load plugin ../../mrapps/crash.so
2023/07/04 03:21:32 cannot load plugin ../../mrapps/crash.so
2023/07/04 03:21:33 cannot load plugin ../../mrapps/crash.so
2023/07/04 03:21:33 cannot load plugin ../../mrapps/crash.so
2023/07/04 03:21:34 cannot load plugin ../../mrapps/crash.so
2023/07/04 03:21:34 cannot load plugin ../../mrapps/crash.so
2023/07/04 03:21:35 cannot load plugin ../../mrapps/crash.so
2023/07/04 03:21:35 cannot load plugin ../../mrapps/crash.so
2023/07/04 03:21:36 cannot load plugin ../../mrapps/crash.so
2023/07/04 03:21:36 cannot load plugin ../../mrapps/crash.so
2023/07/04 03:21:37 cannot load plugin ../../mrapps/crash.so
2023/07/04 03:21:37 cannot load plugin ../../mrapps/crash.so
2023/07/04 03:21:38 cannot load plugin ../../mrapps/crash.so
2023/07/04 03:21:38 cannot load plugin ../../mrapps/crash.so
2023/07/04 03:21:39 cannot load plugin ../../mrapps/crash.so
2023/07/04 03:21:39 cannot load plugin ../../mrapps/crash.so
2023/07/04 03:21:40 cannot load plugin ../../mrapps/crash.so
2023/07/04 03:21:40 cannot load plugin ../../mrapps/crash.so
2023/07/04 03:21:41 cannot load plugin ../../mrapps/crash.so
2023/07/04 03:21:41 cannot load plugin ../../mrapps/crash.so
2023/07/04 03:21:42 cannot load plugin ../../mrapps/crash.so
2023/07/04 03:21:42 cannot load plugin ../../mrapps/crash.so
2023/07/04 03:21:43 cannot load plugin ../../mrapps/crash.so
2023/07/04 03:21:43 cannot load plugin ../../mrapps/crash.so
2023/07/04 03:21:44 cannot load plugin ../../mrapps/crash.so
2023/07/04 03:21:44 cannot load plugin ../../mrapps/crash.so
2023/07/04 03:21:45 cannot load plugin ../../mrapps/crash.so
2023/07/04 03:21:45 cannot load plugin ../../mrapps/crash.so
2023/07/04 03:21:46 cannot load plugin ../../mrapps/crash.so
2023/07/04 03:21:46 cannot load plugin ../../mrapps/crash.so
2023/07/04 03:21:47 cannot load plugin ../../mrapps/crash.so
2023/07/04 03:21:47 cannot load plugin ../../mrapps/crash.so
2023/07/04 03:21:48 cannot load plugin ../../mrapps/crash.so
2023/07/04 03:21:48 cannot load plugin ../../mrapps/crash.so
2023/07/04 03:21:49 cannot load plugin ../../mrapps/crash.so
2023/07/04 03:21:49 cannot load plugin ../../mrapps/crash.so
2023/07/04 03:21:50 cannot load plugin ../../mrapps/crash.so
2023/07/04 03:21:50 cannot load plugin ../../mrapps/crash.so
2023/07/04 03:21:51 cannot load plugin ../../mrapps/crash.so
2023/07/04 03:21:51 cannot load plugin ../../mrapps/crash.so
2023/07/04 03:21:52 cannot load plugin ../../mrapps/crash.so
2023/07/04 03:21:52 cannot load plugin ../../mrapps/crash.so
2023/07/04 03:21:53 cannot load plugin ../../mrapps/crash.so
2023/07/04 03:21:53 cannot load plugin ../../mrapps/crash.so
2023/07/04 03:21:54 cannot load plugin ../../mrapps/crash.so
2023/07/04 03:21:54 cannot load plugin ../../mrapps/crash.so
2023/07/04 03:21:55 cannot load plugin ../../mrapps/crash.so
2023/07/04 03:21:55 cannot load plugin ../../mrapps/crash.so
2023/07/04 03:21:56 cannot load plugin ../../mrapps/crash.so
2023/07/04 03:21:56 cannot load plugin ../../mrapps/crash.so
2023/07/04 03:21:57 cannot load plugin ../../mrapps/crash.so
2023/07/04 03:21:57 cannot load plugin ../../mrapps/crash.so
2023/07/04 03:21:58 cannot load plugin ../../mrapps/crash.so
2023/07/04 03:21:58 cannot load plugin ../../mrapps/crash.so
2023/07/04 03:21:59 cannot load plugin ../../mrapps/crash.so
2023/07/04 03:21:59 cannot load plugin ../../mrapps/crash.so
2023/07/04 03:22:00 cannot load plugin ../../mrapps/crash.so
2023/07/04 03:22:00 cannot load plugin ../../mrapps/crash.so
2023/07/04 03:22:01 cannot load plugin ../../mrapps/crash.so
2023/07/04 03:22:01 cannot load plugin ../../mrapps/crash.so
2023/07/04 03:22:02 cannot load plugin ../../mrapps/crash.so
2023/07/04 03:22:02 cannot load plugin ../../mrapps/crash.so
2023/07/04 03:22:03 cannot load plugin ../../mrapps/crash.so
2023/07/04 03:22:03 cannot load plugin ../../mrapps/crash.so
2023/07/04 03:22:04 cannot load plugin ../../mrapps/crash.so
2023/07/04 03:22:04 cannot load plugin ../../mrapps/crash.so
2023/07/04 03:22:05 cannot load plugin ../../mrapps/crash.so
2023/07/04 03:22:05 cannot load plugin ../../mrapps/crash.so
2023/07/04 03:22:06 cannot load plugin ../../mrapps/crash.so
2023/07/04 03:22:06 cannot load plugin ../../mrapps/crash.so
2023/07/04 03:22:07 cannot load plugin ../../mrapps/crash.so
2023/07/04 03:22:07 cannot load plugin ../../mrapps/crash.so
2023/07/04 03:22:08 cannot load plugin ../../mrapps/crash.so
2023/07/04 03:22:08 cannot load plugin ../../mrapps/crash.so
2023/07/04 03:22:09 cannot load plugin ../../mrapps/crash.so
2023/07/04 03:22:09 cannot load plugin ../../mrapps/crash.so
2023/07/04 03:22:10 cannot load plugin ../../mrapps/crash.so
2023/07/04 03:22:10 cannot load plugin ../../mrapps/crash.so
2023/07/04 03:22:11 cannot load plugin ../../mrapps/crash.so
2023/07/04 03:22:11 cannot load plugin ../../mrapps/crash.so
2023/07/04 03:22:12 cannot load plugin ../../mrapps/crash.so
2023/07/04 03:22:12 cannot load plugin ../../mrapps/crash.so
2023/07/04 03:22:13 cannot load plugin ../../mrapps/crash.so
2023/07/04 03:22:13 cannot load plugin ../../mrapps/crash.so
2023/07/04 03:22:14 cannot load plugin ../../mrapps/crash.so
2023/07/04 03:22:14 cannot load plugin ../../mrapps/crash.so
2023/07/04 03:22:15 cannot load plugin ../../mrapps/crash.so
2023/07/04 03:22:15 cannot load plugin ../../mrapps/crash.so
2023/07/04 03:22:16 cannot load plugin ../../mrapps/crash.so
2023/07/04 03:22:16 cannot load plugin ../../mrapps/crash.so
2023/07/04 03:22:17 cannot load plugin ../../mrapps/crash.so
2023/07/04 03:22:17 cannot load plugin ../../mrapps/crash.so
2023/07/04 03:22:18 cannot load plugin ../../mrapps/crash.so
2023/07/04 03:22:18 cannot load plugin ../../mrapps/crash.so
2023/07/04 03:22:19 cannot load plugin ../../mrapps/crash.so
2023/07/04 03:22:19 cannot load plugin ../../mrapps/crash.so
2023/07/04 03:22:20 cannot load plugin ../../mrapps/crash.so
2023/07/04 03:22:20 cannot load plugin ../../mrapps/crash.so
2023/07/04 03:22:21 cannot load plugin ../../mrapps/crash.so
2023/07/04 03:22:21 cannot load plugin ../../mrapps/crash.so
2023/07/04 03:22:22 cannot load plugin ../../mrapps/crash.so
2023/07/04 03:22:22 cannot load plugin ../../mrapps/crash.so
2023/07/04 03:22:23 cannot load plugin ../../mrapps/crash.so
2023/07/04 03:22:23 cannot load plugin ../../mrapps/crash.so
2023/07/04 03:22:24 cannot load plugin ../../mrapps/crash.so
2023/07/04 03:22:24 cannot load plugin ../../mrapps/crash.so
2023/07/04 03:22:25 cannot load plugin ../../mrapps/crash.so
2023/07/04 03:22:25 cannot load plugin ../../mrapps/crash.so
2023/07/04 03:22:26 cannot load plugin ../../mrapps/crash.so
2023/07/04 03:22:26 cannot load plugin ../../mrapps/crash.so
2023/07/04 03:22:27 cannot load plugin ../../mrapps/crash.so
2023/07/04 03:22:27 cannot load plugin ../../mrapps/crash.so
2023/07/04 03:22:28 cannot load plugin ../../mrapps/crash.so
2023/07/04 03:22:28 cannot load plugin ../../mrapps/crash.so
2023/07/04 03:22:29 cannot load plugin ../../mrapps/crash.so
2023/07/04 03:22:29 cannot load plugin ../../mrapps/crash.so
2023/07/04 03:22:30 cannot load plugin ../../mrapps/crash.so
2023/07/04 03:22:31 cannot load plugin ../../mrapps/crash.so
2023/07/04 03:22:32 cannot load plugin ../../mrapps/crash.so
2023/07/04 03:22:32 cannot load plugin ../../mrapps/crash.so
2023/07/04 03:22:33 cannot load plugin ../../mrapps/crash.so
2023/07/04 03:22:33 cannot load plugin ../../mrapps/crash.so
2023/07/04 03:22:34 cannot load plugin ../../mrapps/crash.so
2023/07/04 03:22:34 cannot load plugin ../../mrapps/crash.so
2023/07/04 03:22:35 cannot load plugin ../../mrapps/crash.so
2023/07/04 03:22:35 cannot load plugin ../../mrapps/crash.so
2023/07/04 03:22:36 cannot load plugin ../../mrapps/crash.so
2023/07/04 03:22:36 cannot load plugin ../../mrapps/crash.so
2023/07/04 03:22:37 cannot load plugin ../../mrapps/crash.so
2023/07/04 03:22:37 cannot load plugin ../../mrapps/crash.so
2023/07/04 03:22:38 cannot load plugin ../../mrapps/crash.so
2023/07/04 03:22:38 cannot load plugin ../../mrapps/crash.so
2023/07/04 03:22:39 cannot load plugin ../../mrapps/crash.so
2023/07/04 03:22:39 cannot load plugin ../../mrapps/crash.so
2023/07/04 03:22:40 cannot load plugin ../../mrapps/crash.so
2023/07/04 03:22:40 cannot load plugin ../../mrapps/crash.so
2023/07/04 03:22:41 cannot load plugin ../../mrapps/crash.so
2023/07/04 03:22:41 cannot load plugin ../../mrapps/crash.so
2023/07/04 03:22:42 cannot load plugin ../../mrapps/crash.so
2023/07/04 03:22:42 cannot load plugin ../../mrapps/crash.so
2023/07/04 03:22:43 cannot load plugin ../../mrapps/crash.so
2023/07/04 03:22:43 cannot load plugin ../../mrapps/crash.so
2023/07/04 03:22:44 cannot load plugin ../../mrapps/crash.so
2023/07/04 03:22:44 cannot load plugin ../../mrapps/crash.so
2023/07/04 03:22:45 cannot load plugin ../../mrapps/crash.so
2023/07/04 03:22:45 cannot load plugin ../../mrapps/crash.so
2023/07/04 03:22:46 cannot load plugin ../../mrapps/crash.so
2023/07/04 03:22:46 cannot load plugin ../../mrapps/crash.so
2023/07/04 03:22:47 cannot load plugin ../../mrapps/crash.so
2023/07/04 03:22:47 cannot load plugin ../../mrapps/crash.so
2023/07/04 03:22:48 cannot load plugin ../../mrapps/crash.so
2023/07/04 03:22:48 cannot load plugin ../../mrapps/crash.so
2023/07/04 03:22:49 cannot load plugin ../../mrapps/crash.so
2023/07/04 03:22:49 cannot load plugin ../../mrapps/crash.so
2023/07/04 03:22:50 cannot load plugin ../../mrapps/crash.so
2023/07/04 03:22:50 cannot load plugin ../../mrapps/crash.so
2023/07/04 03:22:51 cannot load plugin ../../mrapps/crash.so
2023/07/04 03:22:51 cannot load plugin ../../mrapps/crash.so
2023/07/04 03:22:52 cannot load plugin ../../mrapps/crash.so
2023/07/04 03:22:52 cannot load plugin ../../mrapps/crash.so
2023/07/04 03:22:53 cannot load plugin ../../mrapps/crash.so
2023/07/04 03:22:53 cannot load plugin ../../mrapps/crash.so
2023/07/04 03:22:54 cannot load plugin ../../mrapps/crash.so
2023/07/04 03:22:54 cannot load plugin ../../mrapps/crash.so
2023/07/04 03:22:55 cannot load plugin ../../mrapps/crash.so
2023/07/04 03:22:55 cannot load plugin ../../mrapps/crash.so
2023/07/04 03:22:56 cannot load plugin ../../mrapps/crash.so
2023/07/04 03:22:56 cannot load plugin ../../mrapps/crash.so
2023/07/04 03:22:57 cannot load plugin ../../mrapps/crash.so
2023/07/04 03:22:57 cannot load plugin ../../mrapps/crash.so
2023/07/04 03:22:58 cannot load plugin ../../mrapps/crash.so
2023/07/04 03:22:58 cannot load plugin ../../mrapps/crash.so
2023/07/04 03:22:59 cannot load plugin ../../mrapps/crash.so
2023/07/04 03:22:59 cannot load plugin ../../mrapps/crash.so
2023/07/04 03:23:00 cannot load plugin ../../mrapps/crash.so
2023/07/04 03:23:00 cannot load plugin ../../mrapps/crash.so
2023/07/04 03:23:01 cannot load plugin ../../mrapps/crash.so
2023/07/04 03:23:01 cannot load plugin ../../mrapps/crash.so
2023/07/04 03:23:02 cannot load plugin ../../mrapps/crash.so
2023/07/04 03:23:02 cannot load plugin ../../mrapps/crash.so
2023/07/04 03:23:03 cannot load plugin ../../mrapps/crash.so
2023/07/04 03:23:03 cannot load plugin ../../mrapps/crash.so
2023/07/04 03:23:04 cannot load plugin ../../mrapps/crash.so
2023/07/04 03:23:04 cannot load plugin ../../mrapps/crash.so
2023/07/04 03:23:05 cannot load plugin ../../mrapps/crash.so
2023/07/04 03:23:05 cannot load plugin ../../mrapps/crash.so
2023/07/04 03:23:06 cannot load plugin ../../mrapps/crash.so
2023/07/04 03:23:06 cannot load plugin ../../mrapps/crash.so
2023/07/04 03:23:07 cannot load plugin ../../mrapps/crash.so
2023/07/04 03:23:07 cannot load plugin ../../mrapps/crash.so
2023/07/04 03:23:08 cannot load plugin ../../mrapps/crash.so
2023/07/04 03:23:08 cannot load plugin ../../mrapps/crash.so
2023/07/04 03:23:09 cannot load plugin ../../mrapps/crash.so
2023/07/04 03:23:09 cannot load plugin ../../mrapps/crash.so
2023/07/04 03:23:10 cannot load plugin ../../mrapps/crash.so
2023/07/04 03:23:10 cannot load plugin ../../mrapps/crash.so
2023/07/04 03:23:11 cannot load plugin ../../mrapps/crash.so
2023/07/04 03:23:11 cannot load plugin ../../mrapps/crash.so
2023/07/04 03:23:12 cannot load plugin ../../mrapps/crash.so
2023/07/04 03:23:12 cannot load plugin ../../mrapps/crash.so
2023/07/04 03:23:13 cannot load plugin ../../mrapps/crash.so
2023/07/04 03:23:13 cannot load plugin ../../mrapps/crash.so
2023/07/04 03:23:14 cannot load plugin ../../mrapps/crash.so
2023/07/04 03:23:14 cannot load plugin ../../mrapps/crash.so
2023/07/04 03:23:15 cannot load plugin ../../mrapps/crash.so
2023/07/04 03:23:15 cannot load plugin ../../mrapps/crash.so
2023/07/04 03:23:16 cannot load plugin ../../mrapps/crash.so
2023/07/04 03:23:16 cannot load plugin ../../mrapps/crash.so
2023/07/04 03:23:17 cannot load plugin ../../mrapps/crash.so
2023/07/04 03:23:17 cannot load plugin ../../mrapps/crash.so
2023/07/04 03:23:18 cannot load plugin ../../mrapps/crash.so
2023/07/04 03:23:18 cannot load plugin ../../mrapps/crash.so
2023/07/04 03:23:19 cannot load plugin ../../mrapps/crash.so
2023/07/04 03:23:19 cannot load plugin ../../mrapps/crash.so
2023/07/04 03:23:20 cannot load plugin ../../mrapps/crash.so
2023/07/04 03:23:20 cannot load plugin ../../mrapps/crash.so
2023/07/04 03:23:21 cannot load plugin ../../mrapps/crash.so
2023/07/04 03:23:21 cannot load plugin ../../mrapps/crash.so
2023/07/04 03:23:22 cannot load plugin ../../mrapps/crash.so
2023/07/04 03:23:22 cannot load plugin ../../mrapps/crash.so
2023/07/04 03:23:23 cannot load plugin ../../mrapps/crash.so
2023/07/04 03:23:23 cannot load plugin ../../mrapps/crash.so
2023/07/04 03:23:24 cannot load plugin ../../mrapps/crash.so
2023/07/04 03:23:24 cannot load plugin ../../mrapps/crash.so
2023/07/04 03:23:25 cannot load plugin ../../mrapps/crash.so
2023/07/04 03:23:25 cannot load plugin ../../mrapps/crash.so
2023/07/04 03:23:26 cannot load plugin ../../mrapps/crash.so
2023/07/04 03:23:26 cannot load plugin ../../mrapps/crash.so
2023/07/04 03:23:27 cannot load plugin ../../mrapps/crash.so
2023/07/04 03:23:27 cannot load plugin ../../mrapps/crash.so
2023/07/04 03:23:28 cannot load plugin ../../mrapps/crash.so
2023/07/04 03:23:28 cannot load plugin ../../mrapps/crash.so
2023/07/04 03:23:29 cannot load plugin ../../mrapps/crash.so
2023/07/04 03:23:29 cannot load plugin ../../mrapps/crash.so
2023/07/04 03:23:30 cannot load plugin ../../mrapps/crash.so
2023/07/04 03:23:30 cannot load plugin ../../mrapps/crash.so
2023/07/04 03:23:31 cannot load plugin ../../mrapps/crash.so
2023/07/04 03:23:31 cannot load plugin ../../mrapps/crash.so
2023/07/04 03:23:32 cannot load plugin ../../mrapps/crash.so
2023/07/04 03:23:32 cannot load plugin ../../mrapps/crash.so
2023/07/04 03:23:33 cannot load plugin ../../mrapps/crash.so
2023/07/04 03:23:33 cannot load plugin ../../mrapps/crash.so
2023/07/04 03:23:34 cannot load plugin ../../mrapps/crash.so
2023/07/04 03:23:34 cannot load plugin ../../mrapps/crash.so
2023/07/04 03:23:35 cannot load plugin ../../mrapps/crash.so
2023/07/04 03:23:35 cannot load plugin ../../mrapps/crash.so
2023/07/04 03:23:36 cannot load plugin ../../mrapps/crash.so
2023/07/04 03:23:36 cannot load plugin ../../mrapps/crash.so
2023/07/04 03:23:37 cannot load plugin ../../mrapps/crash.so
2023/07/04 03:23:37 cannot load plugin ../../mrapps/crash.so
2023/07/04 03:23:38 cannot load plugin ../../mrapps/crash.so
2023/07/04 03:23:38 cannot load plugin ../../mrapps/crash.so
2023/07/04 03:23:39 cannot load plugin ../../mrapps/crash.so
2023/07/04 03:23:39 cannot load plugin ../../mrapps/crash.so
2023/07/04 03:23:40 cannot load plugin ../../mrapps/crash.so
2023/07/04 03:23:40 cannot load plugin ../../mrapps/crash.so
2023/07/04 03:23:41 cannot load plugin ../../mrapps/crash.so
2023/07/04 03:23:41 cannot load plugin ../../mrapps/crash.so
2023/07/04 03:23:42 cannot load plugin ../../mrapps/crash.so
2023/07/04 03:23:42 cannot load plugin ../../mrapps/crash.so
2023/07/04 03:23:43 cannot load plugin ../../mrapps/crash.so
2023/07/04 03:23:43 cannot load plugin ../../mrapps/crash.so
2023/07/04 03:23:44 cannot load plugin ../../mrapps/crash.so
2023/07/04 03:23:44 cannot load plugin ../../mrapps/crash.so
2023/07/04 03:23:45 cannot load plugin ../../mrapps/crash.so
2023/07/04 03:23:45 cannot load plugin ../../mrapps/crash.so
2023/07/04 03:23:46 cannot load plugin ../../mrapps/crash.so
2023/07/04 03:23:46 cannot load plugin ../../mrapps/crash.so
2023/07/04 03:23:47 cannot load plugin ../../mrapps/crash.so
2023/07/04 03:23:47 cannot load plugin ../../mrapps/crash.so
2023/07/04 03:23:48 cannot load plugin ../../mrapps/crash.so
2023/07/04 03:23:48 cannot load plugin ../../mrapps/crash.so
2023/07/04 03:23:49 cannot load plugin ../../mrapps/crash.so
2023/07/04 03:23:49 cannot load plugin ../../mrapps/crash.so
2023/07/04 03:23:50 cannot load plugin ../../mrapps/crash.so
2023/07/04 03:23:50 cannot load plugin ../../mrapps/crash.so
2023/07/04 03:23:51 cannot load plugin ../../mrapps/crash.so
2023/07/04 03:23:51 cannot load plugin ../../mrapps/crash.so
2023/07/04 03:23:52 cannot load plugin ../../mrapps/crash.so
2023/07/04 03:23:52 cannot load plugin ../../mrapps/crash.so
2023/07/04 03:23:53 cannot load plugin ../../mrapps/crash.so
2023/07/04 03:23:53 cannot load plugin ../../mrapps/crash.so
2023/07/04 03:23:54 cannot load plugin ../../mrapps/crash.so
2023/07/04 03:23:54 cannot load plugin ../../mrapps/crash.so
2023/07/04 03:23:55 cannot load plugin ../../mrapps/crash.so
2023/07/04 03:23:55 cannot load plugin ../../mrapps/crash.so
2023/07/04 03:23:56 cannot load plugin ../../mrapps/crash.so
2023/07/04 03:23:56 cannot load plugin ../../mrapps/crash.so
2023/07/04 03:23:57 cannot load plugin ../../mrapps/crash.so
2023/07/04 03:23:57 cannot load plugin ../../mrapps/crash.so
2023/07/04 03:23:58 cannot load plugin ../../mrapps/crash.so
2023/07/04 03:23:58 cannot load plugin ../../mrapps/crash.so
2023/07/04 03:23:59 cannot load plugin ../../mrapps/crash.so
2023/07/04 03:23:59 cannot load plugin ../../mrapps/crash.so
2023/07/04 03:24:00 cannot load plugin ../../mrapps/crash.so
2023/07/04 03:24:00 cannot load plugin ../../mrapps/crash.so
2023/07/04 03:24:01 cannot load plugin ../../mrapps/crash.so
2023/07/04 03:24:01 cannot load plugin ../../mrapps/crash.so
2023/07/04 03:24:02 cannot load plugin ../../mrapps/crash.so
2023/07/04 03:24:02 cannot load plugin ../../mrapps/crash.so
2023/07/04 03:24:03 cannot load plugin ../../mrapps/crash.so
2023/07/04 03:24:03 cannot load plugin ../../mrapps/crash.so
2023/07/04 03:24:04 cannot load plugin ../../mrapps/crash.so
2023/07/04 03:24:04 cannot load plugin ../../mrapps/crash.so
2023/07/04 03:24:05 cannot load plugin ../../mrapps/crash.so
2023/07/04 03:24:05 cannot load plugin ../../mrapps/crash.so
2023/07/04 03:24:06 cannot load plugin ../../mrapps/crash.so
2023/07/04 03:24:06 cannot load plugin ../../mrapps/crash.so
2023/07/04 03:24:07 cannot load plugin ../../mrapps/crash.so
2023/07/04 03:24:07 cannot load plugin ../../mrapps/crash.so
2023/07/04 03:24:08 cannot load plugin ../../mrapps/crash.so
2023/07/04 03:24:08 cannot load plugin ../../mrapps/crash.so
2023/07/04 03:24:09 cannot load plugin ../../mrapps/crash.so
2023/07/04 03:24:09 cannot load plugin ../../mrapps/crash.so
2023/07/04 03:24:10 cannot load plugin ../../mrapps/crash.so
2023/07/04 03:24:10 cannot load plugin ../../mrapps/crash.so
2023/07/04 03:24:11 cannot load plugin ../../mrapps/crash.so
2023/07/04 03:24:11 cannot load plugin ../../mrapps/crash.so
2023/07/04 03:24:12 cannot load plugin ../../mrapps/crash.so
2023/07/04 03:24:12 cannot load plugin ../../mrapps/crash.so
2023/07/04 03:24:13 cannot load plugin ../../mrapps/crash.so
2023/07/04 03:24:13 cannot load plugin ../../mrapps/crash.so
2023/07/04 03:24:14 cannot load plugin ../../mrapps/crash.so
2023/07/04 03:24:14 cannot load plugin ../../mrapps/crash.so
2023/07/04 03:24:15 cannot load plugin ../../mrapps/crash.so
2023/07/04 03:24:15 cannot load plugin ../../mrapps/crash.so
2023/07/04 03:24:16 cannot load plugin ../../mrapps/crash.so
2023/07/04 03:24:16 cannot load plugin ../../mrapps/crash.so
2023/07/04 03:24:17 cannot load plugin ../../mrapps/crash.so
2023/07/04 03:24:17 cannot load plugin ../../mrapps/crash.so
2023/07/04 03:24:18 cannot load plugin ../../mrapps/crash.so
2023/07/04 03:24:18 cannot load plugin ../../mrapps/crash.so
2023/07/04 03:24:19 cannot load plugin ../../mrapps/crash.so
2023/07/04 03:24:19 cannot load plugin ../../mrapps/crash.so
2023/07/04 03:24:20 cannot load plugin ../../mrapps/crash.so
2023/07/04 03:24:20 cannot load plugin ../../mrapps/crash.so
2023/07/04 03:24:21 cannot load plugin ../../mrapps/crash.so
2023/07/04 03:24:21 cannot load plugin ../../mrapps/crash.so
2023/07/04 03:24:22 cannot load plugin ../../mrapps/crash.so
2023/07/04 03:24:22 cannot load plugin ../../mrapps/crash.so
2023/07/04 03:24:23 cannot load plugin ../../mrapps/crash.so
2023/07/04 03:24:23 cannot load plugin ../../mrapps/crash.so
2023/07/04 03:24:24 cannot load plugin ../../mrapps/crash.so
2023/07/04 03:24:24 cannot load plugin ../../mrapps/crash.so
2023/07/04 03:24:25 cannot load plugin ../../mrapps/crash.so
2023/07/04 03:24:25 cannot load plugin ../../mrapps/crash.so
2023/07/04 03:24:26 cannot load plugin ../../mrapps/crash.so
2023/07/04 03:24:26 cannot load plugin ../../mrapps/crash.so
2023/07/04 03:24:28 cannot load plugin ../../mrapps/crash.so
2023/07/04 03:24:28 cannot load plugin ../../mrapps/crash.so
2023/07/04 03:24:29 cannot load plugin ../../mrapps/crash.so
2023/07/04 03:24:29 cannot load plugin ../../mrapps/crash.so
2023/07/04 03:24:30 cannot load plugin ../../mrapps/crash.so
2023/07/04 03:24:30 cannot load plugin ../../mrapps/crash.so
2023/07/04 03:24:31 cannot load plugin ../../mrapps/crash.so
2023/07/04 03:24:31 cannot load plugin ../../mrapps/crash.so
2023/07/04 03:24:32 cannot load plugin ../../mrapps/crash.so
2023/07/04 03:24:32 cannot load plugin ../../mrapps/crash.so
2023/07/04 03:24:33 cannot load plugin ../../mrapps/crash.so
2023/07/04 03:24:33 cannot load plugin ../../mrapps/crash.so
2023/07/04 03:24:34 cannot load plugin ../../mrapps/crash.so
2023/07/04 03:24:34 cannot load plugin ../../mrapps/crash.so
2023/07/04 03:24:35 cannot load plugin ../../mrapps/crash.so
2023/07/04 03:24:35 cannot load plugin ../../mrapps/crash.so
2023/07/04 03:24:36 cannot load plugin ../../mrapps/crash.so
2023/07/04 03:24:36 cannot load plugin ../../mrapps/crash.so
2023/07/04 03:24:37 cannot load plugin ../../mrapps/crash.so
2023/07/04 03:24:37 cannot load plugin ../../mrapps/crash.so
2023/07/04 03:24:38 cannot load plugin ../../mrapps/crash.so
2023/07/04 03:24:38 cannot load plugin ../../mrapps/crash.so
2023/07/04 03:24:39 cannot load plugin ../../mrapps/crash.so
2023/07/04 03:24:39 cannot load plugin ../../mrapps/crash.so
2023/07/04 03:24:40 cannot load plugin ../../mrapps/crash.so
2023/07/04 03:24:40 cannot load plugin ../../mrapps/crash.so
2023/07/04 03:24:41 cannot load plugin ../../mrapps/crash.so
2023/07/04 03:24:41 cannot load plugin ../../mrapps/crash.so
2023/07/04 03:24:42 cannot load plugin ../../mrapps/crash.so
2023/07/04 03:24:42 cannot load plugin ../../mrapps/crash.so
2023/07/04 03:24:43 cannot load plugin ../../mrapps/crash.so
2023/07/04 03:24:43 cannot load plugin ../../mrapps/crash.so
2023/07/04 03:24:44 cannot load plugin ../../mrapps/crash.so
2023/07/04 03:24:44 cannot load plugin ../../mrapps/crash.so
2023/07/04 03:24:45 cannot load plugin ../../mrapps/crash.so
2023/07/04 03:24:45 cannot load plugin ../../mrapps/crash.so
2023/07/04 03:24:46 cannot load plugin ../../mrapps/crash.so
2023/07/04 03:24:46 cannot load plugin ../../mrapps/crash.so
2023/07/04 03:24:47 cannot load plugin ../../mrapps/crash.so
2023/07/04 03:24:47 cannot load plugin ../../mrapps/crash.so
2023/07/04 03:24:48 cannot load plugin ../../mrapps/crash.so
2023/07/04 03:24:48 cannot load plugin ../../mrapps/crash.so
2023/07/04 03:24:49 cannot load plugin ../../mrapps/crash.so
2023/07/04 03:24:49 cannot load plugin ../../mrapps/crash.so
2023/07/04 03:24:50 cannot load plugin ../../mrapps/crash.so
2023/07/04 03:24:50 cannot load plugin ../../mrapps/crash.so
test-mr.sh: line 27: ../mrworker: No such file or directory
test-mr.sh: line 27: ../mrworker: No such file or directory
test-mr.sh: line 27: ../mrworker: No such file or directory
test-mr.sh: line 27: ../mrworker: No such file or directory
test-mr.sh: line 27: ../mrworker: No such file or directory
test-mr.sh: line 27: ../mrworker: No such file or directory
test-mr.sh: line 27: ../mrworker: No such file or directory
test-mr.sh: line 27: ../mrworker: No such file or directory
test-mr.sh: line 27: ../mrworker: No such file or directory
test-mr.sh: line 27: ../mrworker: No such file or directory
test-mr.sh: line 27: ../mrworker: No such file or directory
test-mr.sh: line 27: ../mrworker: No such file or directory
test-mr.sh: line 27: ../mrworker: No such file or directory
test-mr.sh: line 27: ../mrworker: No such file or directory
test-mr.sh: line 27: ../mrworker: No such file or directory
test-mr.sh: line 27: ../mrworker: No such file or directory
test-mr.sh: line 27: ../mrworker: No such file or directory
test-mr.sh: line 27: ../mrworker: No such file or directory
test-mr.sh: line 27: ../mrworker: No such file or directory
test-mr.sh: line 27: ../mrworker: No such file or directory
2023/07/04 03:25:01 cannot load plugin ../../mrapps/crash.so
2023/07/04 03:25:01 cannot load plugin ../../mrapps/crash.so
2023/07/04 03:25:02 cannot load plugin ../../mrapps/crash.so
2023/07/04 03:25:02 cannot load plugin ../../mrapps/crash.so
2023/07/04 03:25:03 cannot load plugin ../../mrapps/crash.so
2023/07/04 03:25:03 cannot load plugin ../../mrapps/crash.so
2023/07/04 03:25:04 cannot load plugin ../../mrapps/crash.so
2023/07/04 03:25:04 cannot load plugin ../../mrapps/crash.so
2023/07/04 03:25:05 cannot load plugin ../../mrapps/crash.so
2023/07/04 03:25:05 cannot load plugin ../../mrapps/crash.so
2023/07/04 03:25:06 cannot load plugin ../../mrapps/crash.so
2023/07/04 03:25:06 cannot load plugin ../../mrapps/crash.so
2023/07/04 03:25:07 cannot load plugin ../../mrapps/crash.so
2023/07/04 03:25:07 cannot load plugin ../../mrapps/crash.so
2023/07/04 03:25:08 cannot load plugin ../../mrapps/crash.so
2023/07/04 03:25:08 cannot load plugin ../../mrapps/crash.so
2023/07/04 03:25:09 cannot load plugin ../../mrapps/crash.so
2023/07/04 03:25:09 cannot load plugin ../../mrapps/crash.so
2023/07/04 03:25:10 cannot load plugin ../../mrapps/crash.so
2023/07/04 03:25:10 cannot load plugin ../../mrapps/crash.so
2023/07/04 03:25:11 cannot load plugin ../../mrapps/crash.so
2023/07/04 03:25:11 cannot load plugin ../../mrapps/crash.so
2023/07/04 03:25:12 cannot load plugin ../../mrapps/crash.so
2023/07/04 03:25:12 cannot load plugin ../../mrapps/crash.so
2023/07/04 03:25:13 cannot load plugin ../../mrapps/crash.so
2023/07/04 03:25:13 cannot load plugin ../../mrapps/crash.so
2023/07/04 03:25:14 cannot load plugin ../../mrapps/crash.so
2023/07/04 03:25:14 cannot load plugin ../../mrapps/crash.so
2023/07/04 03:25:15 cannot load plugin ../../mrapps/crash.so
2023/07/04 03:25:15 cannot load plugin ../../mrapps/crash.so
2023/07/04 03:25:16 cannot load plugin ../../mrapps/crash.so
2023/07/04 03:25:16 cannot load plugin ../../mrapps/crash.so
2023/07/04 03:25:17 cannot load plugin ../../mrapps/crash.so
2023/07/04 03:25:17 cannot load plugin ../../mrapps/crash.so
2023/07/04 03:25:18 cannot load plugin ../../mrapps/crash.so
2023/07/04 03:25:18 cannot load plugin ../../mrapps/crash.so
2023/07/04 03:25:19 cannot load plugin ../../mrapps/crash.so
2023/07/04 03:25:19 cannot load plugin ../../mrapps/crash.so
2023/07/04 03:25:20 cannot load plugin ../../mrapps/crash.so
2023/07/04 03:25:20 cannot load plugin ../../mrapps/crash.so
2023/07/04 03:25:21 cannot load plugin ../../mrapps/crash.so
2023/07/04 03:25:21 cannot load plugin ../../mrapps/crash.so
2023/07/04 03:25:22 cannot load plugin ../../mrapps/crash.so
2023/07/04 03:25:22 cannot load plugin ../../mrapps/crash.so
2023/07/04 03:25:23 cannot load plugin ../../mrapps/crash.so
2023/07/04 03:25:23 cannot load plugin ../../mrapps/crash.so
2023/07/04 03:25:24 cannot load plugin ../../mrapps/crash.so
2023/07/04 03:25:24 cannot load plugin ../../mrapps/crash.so
2023/07/04 03:25:25 cannot load plugin ../../mrapps/crash.so
2023/07/04 03:25:25 cannot load plugin ../../mrapps/crash.so
2023/07/04 03:25:26 cannot load plugin ../../mrapps/crash.so
2023/07/04 03:25:26 cannot load plugin ../../mrapps/crash.so
2023/07/04 03:25:27 cannot load plugin ../../mrapps/crash.so
2023/07/04 03:25:27 cannot load plugin ../../mrapps/crash.so
2023/07/04 03:25:28 cannot load plugin ../../mrapps/crash.so
2023/07/04 03:25:28 cannot load plugin ../../mrapps/crash.so
2023/07/04 03:25:29 cannot load plugin ../../mrapps/crash.so
2023/07/04 03:25:29 cannot load plugin ../../mrapps/crash.so
2023/07/04 03:25:30 cannot load plugin ../../mrapps/crash.so
2023/07/04 03:25:30 cannot load plugin ../../mrapps/crash.so
2023/07/04 03:25:31 cannot load plugin ../../mrapps/crash.so
2023/07/04 03:25:31 cannot load plugin ../../mrapps/crash.so
2023/07/04 03:25:32 cannot load plugin ../../mrapps/crash.so
2023/07/04 03:25:32 cannot load plugin ../../mrapps/crash.so
2023/07/04 03:25:33 cannot load plugin ../../mrapps/crash.so
2023/07/04 03:25:33 cannot load plugin ../../mrapps/crash.so
2023/07/04 03:25:34 cannot load plugin ../../mrapps/crash.so
2023/07/04 03:25:34 cannot load plugin ../../mrapps/crash.so
2023/07/04 03:25:35 cannot load plugin ../../mrapps/crash.so
2023/07/04 03:25:35 cannot load plugin ../../mrapps/crash.so
2023/07/04 03:25:36 cannot load plugin ../../mrapps/crash.so
2023/07/04 03:25:36 cannot load plugin ../../mrapps/crash.so
2023/07/04 03:25:37 cannot load plugin ../../mrapps/crash.so
2023/07/04 03:25:37 cannot load plugin ../../mrapps/crash.so
2023/07/04 03:25:38 cannot load plugin ../../mrapps/crash.so
2023/07/04 03:25:38 cannot load plugin ../../mrapps/crash.so
2023/07/04 03:25:39 cannot load plugin ../../mrapps/crash.so
2023/07/04 03:25:39 cannot load plugin ../../mrapps/crash.so
2023/07/04 03:25:40 cannot load plugin ../../mrapps/crash.so
2023/07/04 03:25:40 cannot load plugin ../../mrapps/crash.so
2023/07/04 03:25:41 cannot load plugin ../../mrapps/crash.so
2023/07/04 03:25:41 cannot load plugin ../../mrapps/crash.so
2023/07/04 03:25:42 cannot load plugin ../../mrapps/crash.so
2023/07/04 03:25:42 cannot load plugin ../../mrapps/crash.so
2023/07/04 03:25:44 cannot load plugin ../../mrapps/crash.so
2023/07/04 03:25:44 cannot load plugin ../../mrapps/crash.so
2023/07/04 03:25:45 cannot load plugin ../../mrapps/crash.so
2023/07/04 03:25:45 cannot load plugin ../../mrapps/crash.so
2023/07/04 03:25:46 cannot load plugin ../../mrapps/crash.so
2023/07/04 03:25:46 cannot load plugin ../../mrapps/crash.so
2023/07/04 03:25:47 cannot load plugin ../../mrapps/crash.so
2023/07/04 03:25:47 cannot load plugin ../../mrapps/crash.so
2023/07/04 03:25:48 cannot load plugin ../../mrapps/crash.so
2023/07/04 03:25:48 cannot load plugin ../../mrapps/crash.so
2023/07/04 03:25:49 cannot load plugin ../../mrapps/crash.so
2023/07/04 03:25:49 cannot load plugin ../../mrapps/crash.so
2023/07/04 03:25:50 cannot load plugin ../../mrapps/crash.so
2023/07/04 03:25:50 cannot load plugin ../../mrapps/crash.so
2023/07/04 03:25:51 cannot load plugin ../../mrapps/crash.so
2023/07/04 03:25:51 cannot load plugin ../../mrapps/crash.so
2023/07/04 03:25:52 cannot load plugin ../../mrapps/crash.so
2023/07/04 03:25:52 cannot load plugin ../../mrapps/crash.so
2023/07/04 03:25:53 cannot load plugin ../../mrapps/crash.so
2023/07/04 03:25:53 cannot load plugin ../../mrapps/crash.so
2023/07/04 03:25:54 cannot load plugin ../../mrapps/crash.so
2023/07/04 03:25:54 cannot load plugin ../../mrapps/crash.so
2023/07/04 03:25:55 cannot load plugin ../../mrapps/crash.so
2023/07/04 03:25:55 cannot load plugin ../../mrapps/crash.so
2023/07/04 03:25:56 cannot load plugin ../../mrapps/crash.so
2023/07/04 03:25:56 cannot load plugin ../../mrapps/crash.so
2023/07/04 03:25:57 cannot load plugin ../../mrapps/crash.so
2023/07/04 03:25:57 cannot load plugin ../../mrapps/crash.so
2023/07/04 03:25:58 cannot load plugin ../../mrapps/crash.so
2023/07/04 03:25:58 cannot load plugin ../../mrapps/crash.so
2023/07/04 03:25:59 cannot load plugin ../../mrapps/crash.so
2023/07/04 03:25:59 cannot load plugin ../../mrapps/crash.so
2023/07/04 03:26:00 cannot load plugin ../../mrapps/crash.so
2023/07/04 03:26:00 cannot load plugin ../../mrapps/crash.so
2023/07/04 03:26:01 cannot load plugin ../../mrapps/crash.so
2023/07/04 03:26:01 cannot load plugin ../../mrapps/crash.so
2023/07/04 03:26:02 cannot load plugin ../../mrapps/crash.so
2023/07/04 03:26:02 cannot load plugin ../../mrapps/crash.so
2023/07/04 03:26:03 cannot load plugin ../../mrapps/crash.so
2023/07/04 03:26:03 cannot load plugin ../../mrapps/crash.so
2023/07/04 03:26:04 cannot load plugin ../../mrapps/crash.so
2023/07/04 03:26:04 cannot load plugin ../../mrapps/crash.so
2023/07/04 03:26:05 cannot load plugin ../../mrapps/crash.so
2023/07/04 03:26:05 cannot load plugin ../../mrapps/crash.so
2023/07/04 03:26:06 cannot load plugin ../../mrapps/crash.so
2023/07/04 03:26:06 cannot load plugin ../../mrapps/crash.so
2023/07/04 03:26:07 cannot load plugin ../../mrapps/crash.so
2023/07/04 03:26:07 cannot load plugin ../../mrapps/crash.so
2023/07/04 03:26:08 cannot load plugin ../../mrapps/crash.so
2023/07/04 03:26:08 cannot load plugin ../../mrapps/crash.so
2023/07/04 03:26:09 cannot load plugin ../../mrapps/crash.so
2023/07/04 03:26:09 cannot load plugin ../../mrapps/crash.so
2023/07/04 03:26:10 cannot load plugin ../../mrapps/crash.so
2023/07/04 03:26:10 cannot load plugin ../../mrapps/crash.so
2023/07/04 03:26:11 cannot load plugin ../../mrapps/crash.so
2023/07/04 03:26:11 cannot load plugin ../../mrapps/crash.so
2023/07/04 03:26:12 cannot load plugin ../../mrapps/crash.so
2023/07/04 03:26:12 cannot load plugin ../../mrapps/crash.so
2023/07/04 03:26:13 cannot load plugin ../../mrapps/crash.so
2023/07/04 03:26:13 cannot load plugin ../../mrapps/crash.so
2023/07/04 03:26:14 cannot load plugin ../../mrapps/crash.so
2023/07/04 03:26:14 cannot load plugin ../../mrapps/crash.so
2023/07/04 03:26:15 cannot load plugin ../../mrapps/crash.so
2023/07/04 03:26:15 cannot load plugin ../../mrapps/crash.so
2023/07/04 03:26:16 cannot load plugin ../../mrapps/crash.so
2023/07/04 03:26:16 cannot load plugin ../../mrapps/crash.so
2023/07/04 03:26:17 cannot load plugin ../../mrapps/crash.so
2023/07/04 03:26:17 cannot load plugin ../../mrapps/crash.so
2023/07/04 03:26:18 cannot load plugin ../../mrapps/crash.so
2023/07/04 03:26:18 cannot load plugin ../../mrapps/crash.so
2023/07/04 03:26:19 cannot load plugin ../../mrapps/crash.so
2023/07/04 03:26:19 cannot load plugin ../../mrapps/crash.so
2023/07/04 03:26:20 cannot load plugin ../../mrapps/crash.so
2023/07/04 03:26:20 cannot load plugin ../../mrapps/crash.so
2023/07/04 03:26:21 cannot load plugin ../../mrapps/crash.so
2023/07/04 03:26:21 cannot load plugin ../../mrapps/crash.so
2023/07/04 03:26:22 cannot load plugin ../../mrapps/crash.so
2023/07/04 03:26:22 cannot load plugin ../../mrapps/crash.so
2023/07/04 03:26:23 cannot load plugin ../../mrapps/crash.so
2023/07/04 03:26:23 cannot load plugin ../../mrapps/crash.so
2023/07/04 03:26:24 cannot load plugin ../../mrapps/crash.so
2023/07/04 03:26:24 cannot load plugin ../../mrapps/crash.so
2023/07/04 03:26:25 cannot load plugin ../../mrapps/crash.so
2023/07/04 03:26:25 cannot load plugin ../../mrapps/crash.so
2023/07/04 03:26:26 cannot load plugin ../../mrapps/crash.so
2023/07/04 03:26:26 cannot load plugin ../../mrapps/crash.so
2023/07/04 03:26:27 cannot load plugin ../../mrapps/crash.so
2023/07/04 03:26:27 cannot load plugin ../../mrapps/crash.so
2023/07/04 03:26:28 cannot load plugin ../../mrapps/crash.so
2023/07/04 03:26:28 cannot load plugin ../../mrapps/crash.so
2023/07/04 03:26:29 cannot load plugin ../../mrapps/crash.so
2023/07/04 03:26:29 cannot load plugin ../../mrapps/crash.so
2023/07/04 03:26:30 cannot load plugin ../../mrapps/crash.so
2023/07/04 03:26:30 cannot load plugin ../../mrapps/crash.so
2023/07/04 03:26:31 cannot load plugin ../../mrapps/crash.so
2023/07/04 03:26:31 cannot load plugin ../../mrapps/crash.so
2023/07/04 03:26:32 cannot load plugin ../../mrapps/crash.so
2023/07/04 03:26:32 cannot load plugin ../../mrapps/crash.so
2023/07/04 03:26:33 cannot load plugin ../../mrapps/crash.so
2023/07/04 03:26:33 cannot load plugin ../../mrapps/crash.so
2023/07/04 03:26:34 cannot load plugin ../../mrapps/crash.so
2023/07/04 03:26:34 cannot load plugin ../../mrapps/crash.so
2023/07/04 03:26:35 cannot load plugin ../../mrapps/crash.so
2023/07/04 03:26:35 cannot load plugin ../../mrapps/crash.so
2023/07/04 03:26:36 cannot load plugin ../../mrapps/crash.so
2023/07/04 03:26:36 cannot load plugin ../../mrapps/crash.so
2023/07/04 03:26:37 cannot load plugin ../../mrapps/crash.so
2023/07/04 03:26:37 cannot load plugin ../../mrapps/crash.so
2023/07/04 03:26:38 cannot load plugin ../../mrapps/crash.so
2023/07/04 03:26:38 cannot load plugin ../../mrapps/crash.so
2023/07/04 03:26:39 cannot load plugin ../../mrapps/crash.so
2023/07/04 03:26:39 cannot load plugin ../../mrapps/crash.so
2023/07/04 03:26:40 cannot load plugin ../../mrapps/crash.so
2023/07/04 03:26:40 cannot load plugin ../../mrapps/crash.so
2023/07/04 03:26:41 cannot load plugin ../../mrapps/crash.so
2023/07/04 03:26:41 cannot load plugin ../../mrapps/crash.so
2023/07/04 03:26:42 cannot load plugin ../../mrapps/crash.so
2023/07/04 03:26:42 cannot load plugin ../../mrapps/crash.so
2023/07/04 03:26:43 cannot load plugin ../../mrapps/crash.so
2023/07/04 03:26:43 cannot load plugin ../../mrapps/crash.so
2023/07/04 03:26:44 cannot load plugin ../../mrapps/crash.so
2023/07/04 03:26:44 cannot load plugin ../../mrapps/crash.so
2023/07/04 03:26:45 cannot load plugin ../../mrapps/crash.so
2023/07/04 03:26:45 cannot load plugin ../../mrapps/crash.so
2023/07/04 03:26:46 cannot load plugin ../../mrapps/crash.so
2023/07/04 03:26:46 cannot load plugin ../../mrapps/crash.so
2023/07/04 03:26:47 cannot load plugin ../../mrapps/crash.so
2023/07/04 03:26:47 cannot load plugin ../../mrapps/crash.so
2023/07/04 03:26:48 cannot load plugin ../../mrapps/crash.so
2023/07/04 03:26:48 cannot load plugin ../../mrapps/crash.so
2023/07/04 03:26:49 cannot load plugin ../../mrapps/crash.so
2023/07/04 03:26:49 cannot load plugin ../../mrapps/crash.so
2023/07/04 03:26:50 cannot load plugin ../../mrapps/crash.so
2023/07/04 03:26:50 cannot load plugin ../../mrapps/crash.so
2023/07/04 03:26:51 cannot load plugin ../../mrapps/crash.so
2023/07/04 03:26:51 cannot load plugin ../../mrapps/crash.so
2023/07/04 03:26:52 cannot load plugin ../../mrapps/crash.so
2023/07/04 03:26:52 cannot load plugin ../../mrapps/crash.so
2023/07/04 03:26:53 cannot load plugin ../../mrapps/crash.so
2023/07/04 03:26:53 cannot load plugin ../../mrapps/crash.so
2023/07/04 03:26:54 cannot load plugin ../../mrapps/crash.so
2023/07/04 03:26:54 cannot load plugin ../../mrapps/crash.so
2023/07/04 03:26:55 cannot load plugin ../../mrapps/crash.so
2023/07/04 03:26:55 cannot load plugin ../../mrapps/crash.so
2023/07/04 03:26:56 cannot load plugin ../../mrapps/crash.so
2023/07/04 03:26:56 cannot load plugin ../../mrapps/crash.so
2023/07/04 03:26:57 cannot load plugin ../../mrapps/crash.so
2023/07/04 03:26:57 cannot load plugin ../../mrapps/crash.so
2023/07/04 03:26:58 cannot load plugin ../../mrapps/crash.so
2023/07/04 03:26:58 cannot load plugin ../../mrapps/crash.so
